<?xml version="1.0" encoding="UTF-8"?>
<testsuites>
  <testsuite name="" tests="1" assertions="1" failures="0" errors="0" time="103.803967">
    <testsuite name="Instapost" tests="1" assertions="1" failures="0" errors="0" time="103.803967">
      <testsuite name="Tests\InstaTest" file="/home/git/insta/tests/InstaTest.php" tests="1" assertions="1" failures="0" errors="0" time="103.803967">
        <testcase name="testShouldUploadPhotosWithCaption" class="Tests\InstaTest" file="/home/git/insta/tests/InstaTest.php" line="17" assertions="1" time="103.803967">
          <system-out>[1;34mGET:  [0mfeed/timeline?rank_token=2018677947_7691e152-1aed-496e-aa05-1c9f77ebef0e&amp;ranked_content=true
[0;32m← 200 	 8.23kB[0m
[0;36mRESPONSE: [0m{"num_results": 8, "more_available": true, "auto_load_more_enabled": true, "feed_items": [{"media_or_ad": {"taken_at": 1500830813, "pk": 1565404780191800890, "id": "1565404780191800890_288202169", "device_timestamp": 1500830736, "media_type": 1, "code": "BW5b1qNB946", "client_cache_key": "MTU2NTQwNDc4MDE5MTgwMDg5MA==.2", "filter_type": 0, "image_versions2": {"candidates": [{"width": 1080, "height": 1080, "url": "https://instagram.fhel2-1.fna.fbcdn.net/t51.2885-15/e35/20184656_1668768196469033_6327628163027304448_n.jpg?ig_cache_key=MTU2NTQwNDc4MDE5MTgwMDg5MA%3D%3D.2\u0026se=8"}, {"width": 240, "height": 240, "url": "https://instagram.fhel2-1.fna.fbcdn.net/t51.2885-15/s240x240/e35/20184656_1668768196469033_6327628163027304448_n.jpg?ig_cache_key=MTU2NTQwNDc4MDE5MTgwMDg5MA%3D%3D.2"}]}, "original_width": 1080, "original_height": 1080, "user": {"pk": 288202169, "username": "jeannasel", "full_name": "Jeanna Seliverstova", "is_private": false, "profile_pic_url": "https://instagram.fhel2-1.fna.fbcdn.net/t51.2885-19/s150x150/15803628_296085164126347_120498365505994752_a.jpg", "profile_pic_id": "1416059243505595469_288202169", "friendship_status": {"following": true, "outgoing_request": false, "is_bestie": false}, "is_verified": false, "has_anonymous_profile_picture": false, "is_unpublished": false, "is_favorite": false}, "caption": {"pk": 17875524544092951, "user_id": 288202169, "text": "#\u043d\u0435\u0431\u043e\u2601 #\u0432\u043e\u043b\u0448\u0435\u0431\u0441\u0442\u0432\u043e\u2728 #\u0431\u0435\u0437\u0444\u0438\u043b\u044c\u0442\u0440\u043e\u0432\ud83d\ude0d", "type": 1, "created_at": 1500830813, "created_at_utc": 1500830813, "content_type": "comment", "status": "Active", "bit_flags": 0, "user": {"pk": 288202169, "username": "jeannasel", "full_name": "Jeanna Seliverstova", "is_private": false, "profile_pic_url": "https://instagram.fhel2-1.fna.fbcdn.net/t51.2885-19/s150x150/15803628_296085164126347_120498365505994752_a.jpg", "profile_pic_id": "1416059243505595469_288202169", "friendship_status": {"following": true, "outgoing_request": false, "is_bestie": false}, "is_verified": false, "has_anonymous_profile_picture": false, "is_unpublished": false, "is_favorite": false}, "did_report_as_spam": false, "media_id": 1565404780191800890, "has_translation": true}, "caption_is_edited": false, "like_count": 0, "has_liked": false, "top_likers": [], "likers": [], "comment_likes_enabled": true, "comment_threading_enabled": false, "has_more_comments": false, "max_num_visible_preview_comments": 2, "preview_comments": [], "comment_count": 0, "photo_of_you": false, "can_viewer_save": true, "organic_tracking_token": "eyJ2ZXJzaW9uIjo1LCJwYXlsb2FkIjp7ImlzX2FuYWx5dGljc190cmFja2VkIjpmYWxzZSwidXVpZCI6IjJmOTdhMTJjMmYyMjQ4ZTg5ZDQxNmVhYjBmOThhNTY0MTU2NTQwNDc4MDE5MTgwMDg5MCIsInNlcnZlcl90b2tlbiI6IjE1MDA4MzA4MjI3OTZ8MTU2NTQwNDc4MDE5MTgwMDg5MHwyMDE4Njc3OTQ3fDE5NzE0OTUxMDc1ZWU5N2Y1ZTc2OTFhOWQzNGU1MjVmZmYxNDA5OTY3YjRiYzk3N2RhM2QyZDc4ODEzODJlNTUifSwic2lnbmF0dXJlIjoiIn0="}}, {"media_or_ad": {"taken_at": 1500830585, "pk": 1565402867505220621, "id": "1565402867505220621_1593143552", "device_timestamp": 1500830180, "media_type": 1, "code": "BW5bZ04BswN", "client_cache_key": "MTU2NTQwMjg2NzUwNTIyMDYyMQ==.2", "filter_type": 2, "image_versions2": {"candidates": [{"width": 1080, "height": 1080, "url": "https://instagram.fhel2-1.fna.fbcdn.net/t51.2885-15/e35/20393517_332224723879063_3885412387318136832_n.jpg?ig_cache_key=MTU2NTQwMjg2NzUwNTIyMDYyMQ%3D%3D.2\u0026se=8"}, {"width": 240, "height": 240, "url": "https://instagram.fhel2-1.fna.fbcdn.net/t51.2885-15/s240x240/e35/20393517_332224723879063_3885412387318136832_n.jpg?ig_cache_key=MTU2NTQwMjg2NzUwNTIyMDYyMQ%3D%3D.2"}]}, "original_width": 1080, "original_height": 1080, "location": {"pk": 423860212, "name": "Izmaylovsky Park", "address": "", "city": "", "short_name": "Izmaylovsky Park", "lng": 37.78944444, "lat": 55.77722222, "external_source": "facebook_places", "facebook_places_id": 140145676010905}, "lat": 55.77722222, "lng": 37.78944444, "user": {"pk": 1593143552, "username": "stafanka", "full_name": "\ud83c\udf38\u0410\u043d\u044e\u0442\u0430\ud83c\udf38", "is_private": false, "profile_pic_url": "https://instagram.fhel2-1.fna.fbcdn.net/t51.2885-19/s150x150/15876210_409048476093573_7592026419975159808_n.jpg", "profile_pic_id": "1424647385191545737_1593143552", "friendship_status": {"following": true, "outgoing_request": false, "is_bestie": false}, "is_verified": false, "has_anonymous_profile_picture": false, "is_unpublished": false, "is_favorite": false}, "caption": {"pk": 17878489558103883, "user_id": 1593143552, "text": "\u0412 \u043f\u0440\u0438\u0440\u043e\u0434\u0435 \u0432\u0441\u0435 \u043c\u0443\u0434\u0440\u043e \u043f\u0440\u043e\u0434\u0443\u043c\u0430\u043d\u043e \u0438 \u0443\u0441\u0442\u0440\u043e\u0435\u043d\u043e, \u0432\u0441\u044f\u043a\u0438\u0439 \u0434\u043e\u043b\u0436\u0435\u043d \u0437\u0430\u043d\u0438\u043c\u0430\u0442\u044c\u0441\u044f \u0441\u0432\u043e\u0438\u043c \u0434\u0435\u043b\u043e\u043c, \u0438 \u0432 \u044d\u0442\u043e\u0439 \u043c\u0443\u0434\u0440\u043e\u0441\u0442\u0438 \u2014 \u0432\u044b\u0441\u0448\u0430\u044f \u0441\u043f\u0440\u0430\u0432\u0435\u0434\u043b\u0438\u0432\u043e\u0441\u0442\u044c \u0436\u0438\u0437\u043d\u0438.#moscowcity #friends #2017 #supergirl #\u0433\u0443\u043b\u044f\u044e #\u0441\u043e\u043b\u043d\u0446\u0435 #\u0441\u0447\u0430\u0441\u0442\u043b\u0438\u0432\u0430\u044f #\u043b\u044e\u0431\u043b\u044e #\u043f\u0440\u0438\u0440\u043e\u0434\u0430 #\u0441\u0447\u0430\u0441\u0442\u044c\u0435\u0435\u0441\u0442\u044c #\u043d\u0435\u043c\u043e\u0436\u0435\u0442 #\u043d\u0435\u0431\u044b\u0442\u044c #\u2764\ufe0f", "type": 1, "created_at": 1500830586, "created_at_utc": 1500830586, "content_type": "comment", "status": "Active", "bit_flags": 0, "user": {"pk": 1593143552, "username": "stafanka", "full_name": "\ud83c\udf38\u0410\u043d\u044e\u0442\u0430\ud83c\udf38", "is_private": false, "profile_pic_url": "https://instagram.fhel2-1.fna.fbcdn.net/t51.2885-19/s150x150/15876210_409048476093573_7592026419975159808_n.jpg", "profile_pic_id": "1424647385191545737_1593143552", "friendship_status": {"following": true, "outgoing_request": false, "is_bestie": false}, "is_verified": false, "has_anonymous_profile_picture": false, "is_unpublished": false, "is_favorite": false}, "did_report_as_spam": false, "media_id": 1565402867505220621, "has_translation": true}, "caption_is_edited": false, "like_count": 3, "has_liked": false, "top_likers": [], "likers": [{"pk": 5435363480, "username": "_xitlis_", "full_name": "", "is_private": false, "profile_pic_url": "https://instagram.fhel2-1.fna.fbcdn.net/t51.2885-19/s150x150/19932362_680656905468649_4016084018519867392_a.jpg", "profile_pic_id": "1556781280631711127_5435363480", "is_verified": false}, {"pk": 5579176945, "username": "shadko_m.98", "full_name": "Shadko Maksim", "is_private": false, "profile_pic_url": "https://instagram.fhel2-1.fna.fbcdn.net/t51.2885-19/s150x150/19379294_143846912833205_9222202096353280000_n.jpg", "profile_pic_id": "1533525562520552247_5579176945", "is_verified": false}, {"pk": 3561348709, "username": "vinnichiariotti", "full_name": "Vinni Chiariotti", "is_private": false, "profile_pic_url": "https://instagram.fhel2-1.fna.fbcdn.net/t51.2885-19/s150x150/13706853_271555766552193_121550497_a.jpg", "profile_pic_id": "1299968953896071280_3561348709", "is_verified": false}], "comment_likes_enabled": true, "comment_threading_enabled": false, "has_more_comments": false, "max_num_visible_preview_comments": 2, "preview_comments": [], "comment_count": 0, "photo_of_you": false, "can_viewer_save": true, "organic_tracking_token": "eyJ2ZXJzaW9uIjo1LCJwYXlsb2FkIjp7ImlzX2FuYWx5dGljc190cmFja2VkIjpmYWxzZSwidXVpZCI6IjJmOTdhMTJjMmYyMjQ4ZTg5ZDQxNmVhYjBmOThhNTY0MTU2NTQwMjg2NzUwNTIyMDYyMSIsInNlcnZlcl90b2tlbiI6IjE1MDA4MzA4MjI3OTd8MTU2NTQwMjg2NzUwNTIyMDYyMXwyMDE4Njc3OTQ3fDYyMGUwZGJlNTlmODE5ZWIxNjI1MmI0YjQzOTYwZTg3Zjc5NGY5MDA4M2ZhMzkzYjRhYjJhNTdiOTMyOGI1NTAifSwic2lnbmF0dXJlIjoiIn0=", "preview": "ACoq55TXT6Rd4Xym6dj6Vywz2q3Azocr1pAd7XGXzEyHnvVszz49Ceg9azJVkYkkc0NgVGNNpWBHUGmc0AXEOK1raAfef8B/jVK0i53N2rWD/hWdjSMOrK10/wA/HO3H+NSyqsw3dCe4pFO0YH+fekUADH44+tNu6t2L5e/UyZgUODVbdWtOA3BrP8mhWM3C2xbBx0qdZO1Vx0ooNi35gqNpKrClFIBzNmmbqWm0xH//2Q=="}}, {"media_or_ad": {"taken_at": 1500830452, "pk": 1565401755485886601, "id": "1565401755485886601_2372076296", "device_timestamp": 1500830314005, "media_type": 1, "code": "BW5bJpOgliJgh5sa9kfSHjoV9Twa_Ocwdz-WBg0", "client_cache_key": "MTU2NTQwMTc1NTQ4NTg4NjYwMQ==.2", "filter_type": 112, "image_versions2": {"candidates": [{"width": 1080, "height": 774, "url": "https://instagram.fhel2-1.fna.fbcdn.net/t51.2885-15/e35/20214268_284212445319628_4645008217250725888_n.jpg?ig_cache_key=MTU2NTQwMTc1NTQ4NTg4NjYwMQ%3D%3D.2\u0026se=8"}, {"width": 240, "height": 172, "url": "https://instagram.fhel2-1.fna.fbcdn.net/t51.2885-15/s240x240/e35/20214268_284212445319628_4645008217250725888_n.jpg?ig_cache_key=MTU2NTQwMTc1NTQ4NTg4NjYwMQ%3D%3D.2"}]}, "original_width": 1080, "original_height": 774, "location": {"pk": 538636436321564, "name": "Juglas Kanals", "address": "", "city": "", "short_name": "Juglas Kanals", "lng": 24.2500413, "lat": 56.99029044, "external_source": "facebook_places", "facebook_places_id": 538636436321564}, "lat": 56.99029044, "lng": 24.2500413, "user": {"pk": 2372076296, "username": "angela_000000001", "full_name": "Andzelina Sarkane", "is_private": true, "profile_pic_url": "https://instagram.fhel2-1.fna.fbcdn.net/t51.2885-19/s150x150/20347112_1752439045048904_8354407660753256448_a.jpg", "profile_pic_id": "1565359645521043213_2372076296", "friendship_status": {"following": true, "outgoing_request": false, "is_bestie": false}, "is_verified": false, "has_anonymous_profile_picture": false, "is_unpublished": false, "is_favorite": false}, "caption": null, "caption_is_edited": false, "like_count": 1, "has_liked": false, "top_likers": [], "likers": [{"pk": 2325270530, "username": "pudink2", "full_name": "\u041f\u0443\u0434\u0438\u043d\u043a", "is_private": false, "profile_pic_url": "https://instagram.fhel2-1.fna.fbcdn.net/t51.2885-19/s150x150/18947418_1941375666140992_4543689608025604096_a.jpg", "profile_pic_id": "1532720828297424286_2325270530", "is_verified": false}], "comment_likes_enabled": true, "comment_threading_enabled": false, "has_more_comments": false, "max_num_visible_preview_comments": 2, "preview_comments": [], "comment_count": 0, "photo_of_you": false, "can_viewer_save": true, "organic_tracking_token": "eyJ2ZXJzaW9uIjo1LCJwYXlsb2FkIjp7ImlzX2FuYWx5dGljc190cmFja2VkIjpmYWxzZSwidXVpZCI6IjJmOTdhMTJjMmYyMjQ4ZTg5ZDQxNmVhYjBmOThhNTY0MTU2NTQwMTc1NTQ4NTg4NjYwMSIsInNlcnZlcl90b2tlbiI6IjE1MDA4MzA4MjI3OTd8MTU2NTQwMTc1NTQ4NTg4NjYwMXwyMDE4Njc3OTQ3fDA4Y2YxYTBiMjMwZmFmZWFhODA3NzhlYzAzOGJlODQ2N2JlMGFmNzY0MThjOTQwYzA2NWEyZTk0ZmIwYThmZmYifSwic2lnbmF0dXJlIjoiIn0=", "preview": "ACoe3vOj/vL/AN9D/Gj7RF/fX/vof41m7oP7yD/gP/1qazRAfKyg+65/pRr2J0CXUfLucb18kYVu/JGeMc/U8gVq+fH/AHl/MVxFwhaVs9Gbg4xkZxnH9K6OG4jCBXGHAwcK3OONw46Hg+2apphoavnR/wB4fmKXzU/vD8xVIXMXv/3y3+FO+0R+h/74b/ClZhoYD3hbHPQg/wA6PtZrK3Ubq1uiOUutLukDnsRj8Af61Y+0ksDnsf6VmGQ429hTd5pXG43tZ9DcFxnvUn2n3rAEhpfMandE8r7n/9k="}}, {"media_or_ad": {"taken_at": 1500827296, "pk": 1565375279654918502, "id": "1565375279654918502_1578286911", "device_timestamp": 1500827279503, "media_type": 1, "code": "BW5VIXsAllmyLb56rsOtgjoGaEVszzjfHP74uo0", "client_cache_key": "MTU2NTM3NTI3OTY1NDkxODUwMg==.2", "filter_type": 15, "image_versions2": {"candidates": [{"width": 1080, "height": 1350, "url": "https://instagram.fhel2-1.fna.fbcdn.net/t51.2885-15/e35/20184848_1977763282467830_834329613797687296_n.jpg?ig_cache_key=MTU2NTM3NTI3OTY1NDkxODUwMg%3D%3D.2\u0026se=8"}, {"width": 240, "height": 300, "url": "https://instagram.fhel2-1.fna.fbcdn.net/t51.2885-15/e35/p240x240/20184848_1977763282467830_834329613797687296_n.jpg?ig_cache_key=MTU2NTM3NTI3OTY1NDkxODUwMg%3D%3D.2"}]}, "original_width": 1080, "original_height": 1350, "user": {"pk": 1578286911, "username": "charles09.ca13", "full_name": "C Charles Garcia\ud83d\ude0a\ud83d\ude0a\ud83d\ude0a", "is_private": true, "profile_pic_url": "https://instagram.fhel2-1.fna.fbcdn.net/t51.2885-19/s150x150/19986196_1394833660613221_5464371850001776640_a.jpg", "profile_pic_id": "1560605262300129483_1578286911", "friendship_status": {"following": true, "outgoing_request": false, "is_bestie": false}, "is_verified": false, "has_anonymous_profile_picture": false, "is_unpublished": false, "is_favorite": false}, "caption": {"pk": 17875738852084242, "user_id": 1578286911, "text": "\ud83d\ude01\ud83d\ude01\ud83d\ude01\ud83d\ude01\ud83d\ude02", "type": 1, "created_at": 1500827297, "created_at_utc": 1500827297, "content_type": "comment", "status": "Active", "bit_flags": 0, "user": {"pk": 1578286911, "username": "charles09.ca13", "full_name": "C Charles Garcia\ud83d\ude0a\ud83d\ude0a\ud83d\ude0a", "is_private": true, "profile_pic_url": "https://instagram.fhel2-1.fna.fbcdn.net/t51.2885-19/s150x150/19986196_1394833660613221_5464371850001776640_a.jpg", "profile_pic_id": "1560605262300129483_1578286911", "friendship_status": {"following": true, "outgoing_request": false, "is_bestie": false}, "is_verified": false, "has_anonymous_profile_picture": false, "is_unpublished": false, "is_favorite": false}, "did_report_as_spam": false, "media_id": 1565375279654918502}, "caption_is_edited": false, "like_count": 4, "has_liked": false, "top_likers": [], "likers": [{"pk": 428323750, "username": "1.ojitos_inolvidable", "full_name": "guerrera sin tregua \ud83d\ude09", "is_private": true, "profile_pic_url": "https://instagram.fhel2-1.fna.fbcdn.net/t51.2885-19/s150x150/20065744_1925443187730260_2613240565982035968_a.jpg", "profile_pic_id": "1561125375173328059_428323750", "is_verified": false}, {"pk": 4079385954, "username": "nelsonmendes04", "full_name": "Nelson Mendes", "is_private": true, "profile_pic_url": "https://instagram.fhel2-1.fna.fbcdn.net/t51.2885-19/s150x150/19533955_516923568638627_5208661222458654720_a.jpg", "profile_pic_id": "1549682606558421637_4079385954", "is_verified": false}, {"pk": 3407074991, "username": "dayanaa_giron", "full_name": "D a y a n a\ud83c\udf3a", "is_private": true, "profile_pic_url": "https://instagram.fhel2-1.fna.fbcdn.net/t51.2885-19/s150x150/19933028_1479694508756876_3685870908280406016_a.jpg", "profile_pic_id": "1557476685691843822_3407074991", "is_verified": false}, {"pk": 351825638, "username": "adifa_", "full_name": "Carmen", "is_private": true, "profile_pic_url": "https://instagram.fhel2-1.fna.fbcdn.net/t51.2885-19/s150x150/16465627_1241578345895295_3482846258010259456_a.jpg", "profile_pic_id": "1443215328825620372_351825638", "is_verified": false}], "comment_likes_enabled": true, "comment_threading_enabled": false, "has_more_comments": false, "max_num_visible_preview_comments": 2, "preview_comments": [], "comment_count": 0, "photo_of_you": false, "can_viewer_save": true, "organic_tracking_token": "eyJ2ZXJzaW9uIjo1LCJwYXlsb2FkIjp7ImlzX2FuYWx5dGljc190cmFja2VkIjpmYWxzZSwidXVpZCI6IjJmOTdhMTJjMmYyMjQ4ZTg5ZDQxNmVhYjBmOThhNTY0MTU2NTM3NTI3OTY1NDkxODUwMiIsInNlcnZlcl90b2tlbiI6IjE1MDA4MzA4MjI3OTd8MTU2NTM3NTI3OTY1NDkxODUwMnwyMDE4Njc3OTQ3fGM0MDBiNjE1NjJmNGRlYzJiMjk4NmJiYTMyYzVmNTk4NWNkOTFiYjdhMDgzNjA4MTlmYmM4ODM3ODBkMmI5NjgifSwic2lnbmF0dXJlIjoiIn0=", "preview": "ACEqxbXliPVGH6Zp1kivIA/Qg98Z9sj/ACaSz4mX3yPzBFMVMdfw/wDrVu+q8v8AMV7amlcTmABoyG5K889Me9Vf7Rk9F/I/41CY9wOBkgZqt0pKK9RXuX/7Rk9F/I/40VQop8q7DL0MOx1bcvBB7/4VYkUbo85ZBuU4+pOPrg0ip3qYZGR/C3P4jvWV7sNk2ym82xSsI2huCx5bH9Pwqu0jY5Ibt0/ya0Y1BTB6g/oajltQRkde3aruk7CV5FXzI/7n6miocexoqv63A3FjyM9qR4942jv+lSVKRxXJe2pta5X8khsg5wMEetS7OPU+hqVgMZpP4aLtgkkQ+X/siin5NFK47H//2Q=="}}, {"media_or_ad": {"taken_at": 1500825083, "pk": 1565356715817249579, "id": "1565356715817249579_2302440147", "device_timestamp": 1500825035175, "media_type": 1, "code": "BW5Q6OxDysrbuPm2lD0-t6hHjYPaV1UnJ2YH240", "client_cache_key": "MTU2NTM1NjcxNTgxNzI0OTU3OQ==.2", "filter_type": 0, "image_versions2": {"candidates": [{"width": 800, "height": 1000, "url": "https://instagram.fhel2-1.fna.fbcdn.net/t51.2885-15/e35/20225972_130245934249025_3024146448036921344_n.jpg?ig_cache_key=MTU2NTM1NjcxNTgxNzI0OTU3OQ%3D%3D.2"}, {"width": 240, "height": 300, "url": "https://instagram.fhel2-1.fna.fbcdn.net/t51.2885-15/e35/p240x240/20225972_130245934249025_3024146448036921344_n.jpg?ig_cache_key=MTU2NTM1NjcxNTgxNzI0OTU3OQ%3D%3D.2"}]}, "original_width": 800, "original_height": 1000, "user": {"pk": 2302440147, "username": "masha9862", "full_name": "Masha", "is_private": true, "profile_pic_url": "https://instagram.fhel2-1.fna.fbcdn.net/t51.2885-19/s150x150/20065573_446070782443193_6524528099739041792_a.jpg", "profile_pic_id": "1557410325031930827_2302440147", "friendship_status": {"following": true, "outgoing_request": false, "is_bestie": false}, "is_verified": false, "has_anonymous_profile_picture": false, "is_unpublished": false, "is_favorite": false}, "caption": null, "caption_is_edited": false, "like_count": 0, "has_liked": false, "top_likers": [], "likers": [], "comment_likes_enabled": true, "comment_threading_enabled": false, "has_more_comments": false, "max_num_visible_preview_comments": 2, "preview_comments": [], "comment_count": 0, "photo_of_you": false, "can_viewer_save": true, "organic_tracking_token": "eyJ2ZXJzaW9uIjo1LCJwYXlsb2FkIjp7ImlzX2FuYWx5dGljc190cmFja2VkIjpmYWxzZSwidXVpZCI6IjJmOTdhMTJjMmYyMjQ4ZTg5ZDQxNmVhYjBmOThhNTY0MTU2NTM1NjcxNTgxNzI0OTU3OSIsInNlcnZlcl90b2tlbiI6IjE1MDA4MzA4MjI3OTd8MTU2NTM1NjcxNTgxNzI0OTU3OXwyMDE4Njc3OTQ3fDc0MDYyYmJlZTk3Mjk4NjkyZGY3NTI0NzY5NWNiZjBhMmIwY2Y5YWJiYWVmMWYxZjI0ZTc5ZThhNjliMDdhNjAifSwic2lnbmF0dXJlIjoiIn0=", "preview": "ACEqv+RsiLSBmkbHAxkn0GeBj16gDOaozRhVG4bckY+ZnI753MME/wC6Me+aR59qhEXAXIbLMWGFxgZHy5ycHocY705ZVmIY5xjAB4wOy4yR1HJHXvWLslobK7epHbIJBgYLEAnJYZ7dU5HPTOffitGGBZIyMMjg55IY+xDfxD0LZIwRVMlYcFPlKjqOcHvxnnIGOTimxXfUlf3ZHGWIYfMeOPXJwo6AdeaI2aCV0yfy7v1P6f40VU+yD/nm3/fb/wCFFFl3DUuT8pvHzDGTn7x4644z64HQcYzUXlEFgcKV2nBJ7juffp9RUD3aocOp2sehVWGe4IPOe+VPPpS3TiRQ4IUqMYzksvofX2PJ9apwT1EpNaExjyBtKsWcKBknr0z/ADqWBTk8YAJGP4sg9ufybjnnkVQsXC4lJBI+6pIGPU/U9vQU83aFiijA/iwBj3yeWYk8dRmhQW4OT2L32pf+ekn/AHwP/iaKi+0N/wA83/Mf40VZBk3Mf2eMxtlgSGQnqMf/AFuKW5A3kqAykLx+Gc+2c0upnlf93+tMiA8kH1J/nStfUuO9hLdcsowANwz6ntjP40+IeaZEj4LvksP7oPAH86UqNj8dif0qLTj+9H4/yot1CWmhc/suP1f9P8KKu5ooJsf/2Q=="}}, {"media_or_ad": {"taken_at": 1500830809, "pk": 1565404748902659576, "id": "1565404748902659576_2133734408", "device_timestamp": 1500830806, "media_type": 1, "code": "BW5b1NEDXX4JqC3a0ij2ChyNSi9GA14bgw_uF80", "client_cache_key": "MTU2NTQwNDc0ODkwMjY1OTU3Ng==.2", "filter_type": 0, "image_versions2": {"candidates": [{"width": 960, "height": 960, "url": "https://instagram.fhel2-1.fna.fbcdn.net/t51.2885-15/e35/20347179_334076673688814_1846690496802455552_n.jpg?ig_cache_key=MTU2NTQwNDc0ODkwMjY1OTU3Ng%3D%3D.2"}, {"width": 240, "height": 240, "url": "https://instagram.fhel2-1.fna.fbcdn.net/t51.2885-15/s240x240/e35/20347179_334076673688814_1846690496802455552_n.jpg?ig_cache_key=MTU2NTQwNDc0ODkwMjY1OTU3Ng%3D%3D.2"}]}, "original_width": 960, "original_height": 960, "user": {"pk": 2133734408, "username": "ekramy_elrshidy", "full_name": "The blacke scorpion", "is_private": true, "profile_pic_url": "https://instagram.fhel2-1.fna.fbcdn.net/t51.2885-19/s150x150/19955160_107213823198115_6935464063744868352_a.jpg", "profile_pic_id": "1558560108320904858_2133734408", "friendship_status": {"following": true, "outgoing_request": false, "is_bestie": false}, "is_verified": false, "has_anonymous_profile_picture": false, "is_unpublished": false, "is_favorite": false}, "caption": null, "caption_is_edited": false, "like_count": 0, "has_liked": false, "top_likers": [], "likers": [], "comment_likes_enabled": true, "comment_threading_enabled": false, "has_more_comments": false, "max_num_visible_preview_comments": 2, "preview_comments": [], "comment_count": 0, "photo_of_you": false, "can_viewer_save": true, "organic_tracking_token": "eyJ2ZXJzaW9uIjo1LCJwYXlsb2FkIjp7ImlzX2FuYWx5dGljc190cmFja2VkIjpmYWxzZSwidXVpZCI6IjJmOTdhMTJjMmYyMjQ4ZTg5ZDQxNmVhYjBmOThhNTY0MTU2NTQwNDc0ODkwMjY1OTU3NiIsInNlcnZlcl90b2tlbiI6IjE1MDA4MzA4MjI3OTh8MTU2NTQwNDc0ODkwMjY1OTU3NnwyMDE4Njc3OTQ3fDM1MGI4YzhkNDIzMzYzZjI5MWE2ZDQ3NmViOTE0MWZlN2ZjNjNkNzZjMjNiMGUxNmU4YWEwYzcwYjY3ZDg4YWIifSwic2lnbmF0dXJlIjoiIn0="}}, {"media_or_ad": {"taken_at": 1500823414, "pk": 1565342715776255942, "id": "1565342715776255942_4126000464", "device_timestamp": 1500823412584, "media_type": 1, "code": "BW5NugNlsfG", "client_cache_key": "MTU2NTM0MjcxNTc3NjI1NTk0Mg==.2", "filter_type": 0, "image_versions2": {"candidates": [{"width": 640, "height": 640, "url": "https://instagram.fhel2-1.fna.fbcdn.net/t51.2885-15/e35/20214314_1715129378797031_7437534668221579264_n.jpg?ig_cache_key=MTU2NTM0MjcxNTc3NjI1NTk0Mg%3D%3D.2"}, {"width": 240, "height": 240, "url": "https://instagram.fhel2-1.fna.fbcdn.net/t51.2885-15/s240x240/e35/20214314_1715129378797031_7437534668221579264_n.jpg?ig_cache_key=MTU2NTM0MjcxNTc3NjI1NTk0Mg%3D%3D.2"}]}, "original_width": 640, "original_height": 640, "location": {"pk": 398290713853901, "name": "Bora-Bora Beach Club Anapa", "address": "\u041f\u0438\u043e\u043d\u0435\u0440\u0441\u043a\u0438\u0439 \u043f\u0440\u043e\u0441\u043f\u0435\u043a\u0442 20\u0430", "city": "", "short_name": "Bora-Bora Beach Club Anapa", "lng": 37.3199519, "lat": 44.9241873, "external_source": "facebook_places", "facebook_places_id": 398290713853901}, "lat": 44.9241873, "lng": 37.3199519, "user": {"pk": 4126000464, "username": "body_store_lux", "full_name": "\u041c\u043e\u0434\u043d\u044b\u0435 \u043a\u0443\u043f\u0430\u043b\u044c\u043d\u0438\u043a\u0438!", "is_private": false, "profile_pic_url": "https://instagram.fhel2-1.fna.fbcdn.net/t51.2885-19/s150x150/18723220_1361385467291615_7534190119784284160_a.jpg", "profile_pic_id": "1525279861815811889_4126000464", "friendship_status": {"following": true, "outgoing_request": false, "is_bestie": false}, "is_verified": false, "has_anonymous_profile_picture": false, "is_unpublished": false, "is_favorite": false}, "caption": {"pk": 17865567538158145, "user_id": 4126000464, "text": "\u0414\u0435\u0432\u043e\u0447\u043a\u0438, \u0436\u0434\u0451\u043c \u0412\u0430\u0441 \u043a\u0430\u0436\u0434\u044b\u0439 \u0434\u0435\u043d\u044c \u0432 \u043d\u0430\u0448\u0435\u043c \u0443\u044e\u0442\u043d\u043e\u043c \u0448\u043e\u0443\u0440\u0443\u043c\u0435 ALDI DESIGN!\r\n\u0421\u0442\u043e\u0438\u043c\u043e\u0441\u0442\u044c \u043e\u0442 1000 \u0440\u0443\u0431., \u043b\u044e\u0431\u044b\u0435 \u0440\u0430\u0437\u043c\u0435\u0440\u044b! \ud83c\udfe2\u041d\u0430\u0448 \u0430\u0434\u0440\u0435\u0441: \u041c\u043e\u0441\u043a\u0432\u0430, \u0443\u043b\u0438\u0446\u0430 \u041d\u0438\u043a\u043e\u043b\u044c\u0441\u043a\u0430\u044f \u0434\u043e\u043c 17, \u0440\u044f\u0434\u043e\u043c \u0441 \u0413\u0423\u041c\u043e\u043c, \u0422\u0426 \u00ab\u0421\u043b\u0430\u0432\u044f\u043d\u0441\u043a\u0438\u0439\u00bb\u0432\u0442\u043e\u0440\u043e\u0439 \u044d\u0442\u0430\u0436 \n\u0427\u0430\u0441\u044b \u0440\u0430\u0431\u043e\u0442\u044b \u043c\u0430\u0433\u0430\u0437\u0438\u043d\u0430 \u043a\u0430\u0436\u0434\u044b\u0439 \u0434\u0435\u043d\u044c c 14 \u0434\u043e 20 \u0447., \u043a\u0430\u0436\u0434\u044b\u0439 \u0434\u0435\u043d\u044c!!! \u041c\u0435\u0442\u0440\u043e: \u041b\u0443\u0431\u044f\u043d\u043a\u0430/\u041f\u043b\u043e\u0449\u0430\u0434\u044c \u0440\u0435\u0432\u043e\u043b\u044e\u0446\u0438\u0438/\u0422\u0435\u0430\u0442\u0440\u0430\u043b\u044c\u043d\u0430\u044f \ud83d\udcf1\u041d\u0430\u0448\u0438 \u043c\u0435\u043d\u0435\u0434\u0436\u0435\u0440\u044b \u0441 \u0440\u0430\u0434\u043e\u0441\u0442\u044c\u044e \u043e\u0442\u0432\u0435\u0442\u044f\u0442 \u043d\u0430 \u043b\u044e\u0431\u044b\u0435 \u0412\u0430\u0448\u0438 \u0432\u043e\u043f\u0440\u043e\u0441\u044b 8 965 321-44-30 whatsapp!\r\n\u0420\u0430\u0434\u044b \u043f\u0440\u0435\u0434\u0441\u0442\u0430\u0432\u0438\u0442\u044c \u0412\u0430\u043c 70 \u0441\u043e\u0432\u0435\u0440\u0448\u0435\u043d\u043d\u043e \u043d\u043e\u0432\u044b\u0445 \u043c\u043e\u043d\u043e\u043a\u0438\u043d\u0438, \u043f\u0440\u0438\u0433\u043b\u0430\u0448\u0430\u0435\u043c \u0412\u0430\u0441 \u043a \u043d\u0430\u043c \u0432 \u0431\u0443\u0442\u0438\u043a, \u043f\u043e\u0441\u043f\u0435\u0448\u0438\u0442\u0435, \u043f\u043e\u043a\u0430 \u0432\u0441\u0435 \u0440\u0430\u0437\u043c\u0435\u0440\u044b \u0432 \u043d\u0430\u043b\u0438\u0447\u0438\u0438!!! \u041a\u0440\u043e\u043c\u0435 \u044d\u0442\u043e\u0433\u043e, \u043f\u043e\u0441\u0442\u0443\u043f\u0438\u043b\u0438 \u0432 \u043f\u0440\u043e\u0434\u0430\u0436\u0443 \u044d\u043a\u0441\u043a\u043b\u044e\u0437\u0438\u0432\u043d\u044b\u0435 \u043f\u043e\u043d\u0447\u0438\u043a\u0438!!! \u0421\u0435\u0439\u0447\u0430\u0441 \u0432 \u043d\u0430\u043b\u0438\u0447\u0438\u0438 \u0411\u041e\u041b\u042c\u0428\u0415 4000 \u043a\u0443\u043f\u0430\u043b\u044c\u043d\u0438\u043a\u043e\u0432 \u0438 \u0442\u0443\u043d\u0438\u043a!!! \u0414\u043e\u0441\u0442\u0430\u0432\u043a\u0430 \u0441 \u043f\u0440\u0438\u043c\u0435\u0440\u043a\u043e\u0439 \u043f\u043e \u041c\u043e\u0441\u043a\u0432\u0435 \u0432 \u0442\u0435\u0447\u0435\u043d\u0438\u0435 24 \u0447\u0430\u0441\u043e\u0432 - 300\u0440\u0443\u0431\u043b\u0435\u0439, \u043f\u043e \u0420\u0424: \u044d\u043a\u0441\u0440\u0435\u0441\u0441 \u043f\u043e\u0447\u0442\u0430 - \u043e\u0442 300\u0440\u0443\u0431\u043b\u0435\u0439 \u0434\u043e \u0412\u0430\u0448\u0438\u0445 \u0434\u0432\u0435\u0440\u0435\u0439!!! #\u043a\u0443\u043f\u0430\u043b\u044c\u043d\u0438\u043a #\u0431\u0438\u043a\u0438\u043d\u0438 #\u043a\u0443\u043f\u0438\u0442\u044c\u043a\u0443\u043f\u0430\u043b\u044c\u043d\u0438\u043a #\u043a\u0443\u043f\u0430\u043b\u044c\u043d\u0438\u043a\u043c\u043e\u0441\u043a\u0432\u0430 #\u0448\u043e\u0443\u0440\u0443\u043c\u043c\u043e\u0441\u043a\u0432\u0430 #\u0432\u0435\u0447\u0435\u0440\u043d\u0435\u0435\u043f\u043b\u0430\u0442\u044c\u0435 #iconclub #\u0442\u0443\u0444\u043b\u04382017 #\u043a\u0443\u043f\u0430\u043b\u044c\u043d\u0438\u043a\u043a\u0440\u0430\u0441\u043d\u043e\u0434\u0430\u0440 #\u0441\u0430\u043b\u043e\u043d\u043a\u0440\u0430\u0441\u043e\u0442\u044b\u043c\u043e\u0441\u043a\u0432\u0430 #\u043c\u0435\u043a\u0441\u0438\u043a\u0430 #\u043a\u0440\u0430\u0431\u0438 #\u043c\u0438\u043d\u0438\u0431\u0438\u043a\u0438\u043d\u0438 #\u0442\u0443\u0440\u0446\u0438\u044f #\u0431\u0430\u043b\u0438 #\u0442\u0443\u0444\u043b\u0438 #\u043c\u0430\u043d\u0438\u043a\u044e\u0440\u043c\u043e\u0441\u043a\u0432\u0430 #\u043a\u0438\u043f\u0440 #\u0441\u0430\u043c\u0443\u0438 #\u043f\u043b\u0430\u0442\u044c\u0435\u043c\u043e\u0441\u043a\u0432\u0430 #\u043c\u0430\u043d\u0438\u043a\u044e\u0440 #\u0437\u0430\u043a\u0430\u0437\u0430\u0442\u044c\u043a\u0443\u043f\u0430\u043b\u044c\u043d\u0438\u043a\u0438 #\u043f\u043e\u0434\u043f\u0438\u0441\u043a\u0430\u043d\u0430\u043c\u0435\u043d\u044f #\u0442\u044b #\u043b\u044e\u0431\u043e\u0432\u044c\u0432\u0441\u0435\u0439\u0436\u0438\u0437\u043d\u0438 #\u043f\u0443\u0442\u0435\u0448\u0435\u0441\u0442\u0432\u0438\u0435 #bikini #katyajuja555 #\u0431\u043e\u0440\u043e\u0434\u0438\u043d\u0430", "type": 1, "created_at": 1500823415, "created_at_utc": 1500823415, "content_type": "comment", "status": "Active", "bit_flags": 0, "user": {"pk": 4126000464, "username": "body_store_lux", "full_name": "\u041c\u043e\u0434\u043d\u044b\u0435 \u043a\u0443\u043f\u0430\u043b\u044c\u043d\u0438\u043a\u0438!", "is_private": false, "profile_pic_url": "https://instagram.fhel2-1.fna.fbcdn.net/t51.2885-19/s150x150/18723220_1361385467291615_7534190119784284160_a.jpg", "profile_pic_id": "1525279861815811889_4126000464", "friendship_status": {"following": true, "outgoing_request": false, "is_bestie": false}, "is_verified": false, "has_anonymous_profile_picture": false, "is_unpublished": false, "is_favorite": false}, "did_report_as_spam": false, "media_id": 1565342715776255942, "has_translation": true}, "caption_is_edited": false, "like_count": 5, "has_liked": false, "top_likers": [], "likers": [{"pk": 1546464616, "username": "______.keiko.______", "full_name": "KEIKO", "is_private": false, "profile_pic_url": "https://instagram.fhel2-1.fna.fbcdn.net/t51.2885-19/s150x150/16122393_1336089326464615_7917319215680323584_a.jpg", "profile_pic_id": "1433261090170963861_1546464616", "is_verified": false}, {"pk": 4894585705, "username": "bodriy_frenchie", "full_name": "\u041a\u043e\u0444\u0435 \u0441 \u0441\u043e\u0431\u043e\u0439 \u2615\ufe0f", "is_private": false, "profile_pic_url": "https://instagram.fhel2-1.fna.fbcdn.net/t51.2885-19/s150x150/17493823_1265544626816759_5218105666563997696_a.jpg", "profile_pic_id": "1481273391776014072_4894585705", "is_verified": false}, {"pk": 5730602171, "username": "kostevich_fit", "full_name": "Kostevich_fit", "is_private": false, "profile_pic_url": "https://instagram.fhel2-1.fna.fbcdn.net/t51.2885-19/s150x150/19955123_1336269289826248_2099087655860961280_a.jpg", "profile_pic_id": "1557899958768677733_5730602171", "is_verified": false}, {"pk": 2298792302, "username": "moskva.gorod", "full_name": "\u0412\u0441\u0451 \u043e \u041c\u043e\u0441\u043a\u0432\u0435", "is_private": false, "profile_pic_url": "https://instagram.fhel2-1.fna.fbcdn.net/t51.2885-19/s150x150/19428874_191133421417397_6222909438647336960_a.jpg", "profile_pic_id": "1544505168933056697_2298792302", "is_verified": false}, {"pk": 3166837668, "username": "matreshkaua", "full_name": "\u042f\u0420\u041a\u0410\u042f \u041e\u0414\u0415\u0416\u0414\u0410 \"Matreshka-UA\"", "is_private": false, "profile_pic_url": "https://instagram.fhel2-1.fna.fbcdn.net/t51.2885-19/s150x150/19761579_317849258674157_7177192979306643456_n.jpg", "profile_pic_id": "1243433746337215737_3166837668", "is_verified": false}], "comment_likes_enabled": true, "comment_threading_enabled": false, "has_more_comments": false, "max_num_visible_preview_comments": 2, "preview_comments": [], "comment_count": 0, "photo_of_you": false, "can_viewer_save": true, "organic_tracking_token": "eyJ2ZXJzaW9uIjo1LCJwYXlsb2FkIjp7ImlzX2FuYWx5dGljc190cmFja2VkIjpmYWxzZSwidXVpZCI6IjJmOTdhMTJjMmYyMjQ4ZTg5ZDQxNmVhYjBmOThhNTY0MTU2NTM0MjcxNTc3NjI1NTk0MiIsInNlcnZlcl90b2tlbiI6IjE1MDA4MzA4MjI3OTh8MTU2NTM0MjcxNTc3NjI1NTk0MnwyMDE4Njc3OTQ3fGIxYmI5ODFmMjRiOWNmNTk5N2E0MmFmNjNhOWIzODRlMTAzZjQ3Mjk5MWEwNWViZjFlNzFiNGRjN2E5MDM2NjkifSwic2lnbmF0dXJlIjoiIn0=", "preview": "ACoq6GRtozgn6Vhm3ka42h8sBnd6HH8u3FbLk/xYC459c/4VjyzGG4Z0weB19MDipZ0Ur3aW9v8AIckzwHZLkAt9/JPPT8QP0rZDjjvuHBHSsG7uBMysOm3p6HJzU0VzthDYLMh2g84A9yOnoDQt7FVI+6ptWfVG5RUEFyk444bup6j/ABHuKnqjlIiM53Y2j/JrI1GAAiVejcH1z2P+NbDAnAGMZ5+nt75xWZfxFYxzxv8A6HFSzak7SXnoZe0VbtLjySQeFbv6H1I7j1qoKkSMyttFSehJJpqWxsWdvt/eOAH5wB0x6j61fqvApT5RyowAe+PT3/wqxVnlMSq86koVUBiFJCtzk9sk9qnpGGQQaBGVHaPJFmZQrjj5euB/F6HPXHTHTBqGywshQ8nnp3AB/nxW1gAjHGc/0pVRV+6AM+gxQbKb5XF6r8hI1x2x+OakpKKDE//Z"}}, {"media_or_ad": {"taken_at": 1500830500, "pk": 1565402151034808688, "id": "1565402151034808688_2133734408", "device_timestamp": 1500830432, "media_type": 1, "code": "BW5bPZnD-lwacw2LeiQxjKvii7kol9eAXYdu8Q0", "client_cache_key": "MTU2NTQwMjE1MTAzNDgwODY4OA==.2", "filter_type": 112, "image_versions2": {"candidates": [{"width": 1080, "height": 900, "url": "https://instagram.fhel2-1.fna.fbcdn.net/t51.2885-15/e35/20346896_1922566118009794_5584947159846879232_n.jpg?ig_cache_key=MTU2NTQwMjE1MTAzNDgwODY4OA%3D%3D.2\u0026se=8"}, {"width": 240, "height": 200, "url": "https://instagram.fhel2-1.fna.fbcdn.net/t51.2885-15/s240x240/e35/20346896_1922566118009794_5584947159846879232_n.jpg?ig_cache_key=MTU2NTQwMjE1MTAzNDgwODY4OA%3D%3D.2"}]}, "original_width": 1080, "original_height": 900, "user": {"pk": 2133734408, "username": "ekramy_elrshidy", "full_name": "The blacke scorpion", "is_private": true, "profile_pic_url": "https://instagram.fhel2-1.fna.fbcdn.net/t51.2885-19/s150x150/19955160_107213823198115_6935464063744868352_a.jpg", "profile_pic_id": "1558560108320904858_2133734408", "friendship_status": {"following": true, "outgoing_request": false, "is_bestie": false}, "is_verified": false, "has_anonymous_profile_picture": false, "is_unpublished": false, "is_favorite": false}, "caption": null, "caption_is_edited": false, "like_count": 0, "has_liked": false, "top_likers": [], "likers": [], "comment_likes_enabled": true, "comment_threading_enabled": false, "has_more_comments": false, "max_num_visible_preview_comments": 2, "preview_comments": [], "comment_count": 0, "photo_of_you": false, "can_viewer_save": true, "organic_tracking_token": "eyJ2ZXJzaW9uIjo1LCJwYXlsb2FkIjp7ImlzX2FuYWx5dGljc190cmFja2VkIjpmYWxzZSwidXVpZCI6IjJmOTdhMTJjMmYyMjQ4ZTg5ZDQxNmVhYjBmOThhNTY0MTU2NTQwMjE1MTAzNDgwODY4OCIsInNlcnZlcl90b2tlbiI6IjE1MDA4MzA4MjI3OTh8MTU2NTQwMjE1MTAzNDgwODY4OHwyMDE4Njc3OTQ3fGU4NWEyYTkxZDU4ZjU2NTgyNDllZGYwZTg3N2EzNjg0MGJjMjIyMzgyNWI3OTQwYzViYTRiZjU3ZDYxYTRjY2MifSwic2lnbmF0dXJlIjoiIn0=", "preview": "ACojjhJuYljJ+VW+b3wOPwzVogLgsgUhgFZME/jjt2P8qJ0NqS5GQxzuH3ST2PdSe3Vc9xREVkZXAZFXqDxk+g7kZrKfu3b2/Nv9WVG1jUqrdQGRdy9QO3X6/UfqKfJdRRYEjBSemf8A61OMjH7i5H94nj6jGSa5YKV7r8dir21MYI7fKATjjgcfp+v61YFjN6Y/L/GtHa7ffY/ReB+fX9aTyU9P1Ndt35L5EPV3av6tjHaSYlQMoeOQMEHryarSbrZBv5xgL3OOwJ9vXvxmtGNAigdgKbcQrcIUPseParnFTXK0ZxdmZQjiuHLthjwOc4GBx0PT1p73Bs4ljRd55x6AZz9e4AqwYIl2npjgAcZHoR3qpeSkESIMOmT83de4qFCytfRF3uZ81zNIcSZB/u9P0qvlvX9a2lSO5TdNjcw++OMfj/Q1TOkTdmQjscn/AAreL010E4NHTbQBxQvIooqSDHHBYjquce3Paq8xJSRu+DRRWb6/I3Xwr1f5DdMO5Np5APStkQoOABgUUVRa2R//2Q=="}}], "is_direct_v2_enabled": true, "next_max_id": "KEkAxseWDeg2uRWJWIJOmmy5FQ3MBjidbbkVW-iVU0FfuRVmWQLshVS5FSsrD7GjQ7kVcOkPZ_ZsuRX4dQ1EU2-5FTreB41ab7kVFubG54euVwA=", "status": "ok"}

[1;34mGET:  [0mfeed/reels_tray/
[0;32m← 200 	 18.29kB[0m
[0;36mRESPONSE: [0m{"tray": [{"id": 288202169, "latest_reel_media": 1500830636, "expiring_at": 1500917036, "seen": 0.0, "can_reply": true, "user": {"pk": 288202169, "username": "jeannasel", "full_name": "Jeanna Seliverstova", "is_private": false, "profile_pic_url": "https://instagram.fhel2-1.fna.fbcdn.net/t51.2885-19/s150x150/15803628_296085164126347_120498365505994752_a.jpg", "profile_pic_id": "1416059243505595469_288202169", "is_verified": false}, "ranked_position": 1, "seen_ranked_position": 1, "muted": false, "prefetch_count": 1, "items": [{"taken_at": 1500819878, "pk": 1565399044715825885, "id": "1565399044715825885_288202169", "device_timestamp": 1500819878, "media_type": 2, "code": "BW5aiMoBcrd", "client_cache_key": "MTU2NTM5OTA0NDcxNTgyNTg4NQ==.2", "filter_type": 0, "image_versions2": {"candidates": [{"width": 1080, "height": 1920, "url": "https://instagram.fhel2-1.fna.fbcdn.net/t51.9792-15/e15/fr/p1080x1080/16778276_1650803401597772_4013713484335284224_n.jpg?ig_cache_key=MTU2NTM5OTA0NDcxNTgyNTg4NQ%3D%3D.2"}, {"width": 240, "height": 426, "url": "https://instagram.fhel2-1.fna.fbcdn.net/t51.9792-15/e15/p240x240/16778276_1650803401597772_4013713484335284224_n.jpg?ig_cache_key=MTU2NTM5OTA0NDcxNTgyNTg4NQ%3D%3D.2"}]}, "original_width": 1080, "original_height": 1920, "caption_position": 0.0, "is_reel_media": true, "video_versions": [{"type": 101, "width": 640, "height": 1137, "url": "https://instagram.fhel2-1.fna.fbcdn.net/t50.9793-16/19153450_1322078064575579_6127926881141391360_n.mp4"}, {"type": 103, "width": 480, "height": 853, "url": "https://instagram.fhel2-1.fna.fbcdn.net/t50.9793-16/19572937_107631933236059_5839989748176781312_n.mp4"}, {"type": 102, "width": 480, "height": 853, "url": "https://instagram.fhel2-1.fna.fbcdn.net/t50.9793-16/19572937_107631933236059_5839989748176781312_n.mp4"}], "has_audio": true, "video_duration": 15, "user": {"pk": 288202169, "username": "jeannasel", "full_name": "Jeanna Seliverstova", "is_private": false, "profile_pic_url": "https://instagram.fhel2-1.fna.fbcdn.net/t51.2885-19/s150x150/15803628_296085164126347_120498365505994752_a.jpg", "profile_pic_id": "1416059243505595469_288202169", "is_verified": false, "has_anonymous_profile_picture": false, "is_unpublished": false, "is_favorite": false}, "caption": null, "caption_is_edited": false, "photo_of_you": false, "can_viewer_save": true, "organic_tracking_token": "eyJ2ZXJzaW9uIjo1LCJwYXlsb2FkIjp7ImlzX2FuYWx5dGljc190cmFja2VkIjpmYWxzZSwidXVpZCI6IjY4OTI0MzE0Y2EyMjQyOGJhNDUwNDY4NzgwYTNiZTU1MTU2NTM5OTA0NDcxNTgyNTg4NSIsInNlcnZlcl90b2tlbiI6IjE1MDA4MzA4MjkzNDB8MTU2NTM5OTA0NDcxNTgyNTg4NXwyMDE4Njc3OTQ3fDk3M2MxNGNkODE5Y2RmZGExMDY1YTZlMzVmMWVmN2NjYzMwY2UzYjAxYWE0Y2E4ZjNiZTRmZDBkMjMxNzQzOTMifSwic2lnbmF0dXJlIjoiIn0=", "expiring_at": 1500906278, "reel_mentions": [], "story_locations": [], "story_hashtags": [], "story_polls": []}, {"taken_at": 1500830636, "pk": 1565404328758651272, "id": "1565404328758651272_288202169", "device_timestamp": 1500830636, "media_type": 2, "code": "BW5bvFxhKmI", "client_cache_key": "MTU2NTQwNDMyODc1ODY1MTI3Mg==.2", "filter_type": 0, "image_versions2": {"candidates": [{"width": 1080, "height": 1920, "url": "https://instagram.fhel2-1.fna.fbcdn.net/t51.9792-15/e15/fr/p1080x1080/19410839_1907184112872488_748811330261090304_n.jpg?ig_cache_key=MTU2NTQwNDMyODc1ODY1MTI3Mg%3D%3D.2"}, {"width": 240, "height": 426, "url": "https://instagram.fhel2-1.fna.fbcdn.net/t51.9792-15/e15/p240x240/19410839_1907184112872488_748811330261090304_n.jpg?ig_cache_key=MTU2NTQwNDMyODc1ODY1MTI3Mg%3D%3D.2"}]}, "original_width": 1080, "original_height": 1920, "caption_position": 0.0, "is_reel_media": true, "video_versions": [{"type": 101, "width": 640, "height": 1137, "url": "https://instagram.fhel2-1.fna.fbcdn.net/t50.9793-16/19386259_299007283896805_2509992051857162240_n.mp4"}, {"type": 103, "width": 480, "height": 853, "url": "https://instagram.fhel2-1.fna.fbcdn.net/t50.9793-16/19383337_1869873236672594_4977506370350743552_n.mp4"}, {"type": 102, "width": 480, "height": 853, "url": "https://instagram.fhel2-1.fna.fbcdn.net/t50.9793-16/19383337_1869873236672594_4977506370350743552_n.mp4"}], "has_audio": true, "video_duration": 15.011678, "user": {"pk": 288202169, "username": "jeannasel", "full_name": "Jeanna Seliverstova", "is_private": false, "profile_pic_url": "https://instagram.fhel2-1.fna.fbcdn.net/t51.2885-19/s150x150/15803628_296085164126347_120498365505994752_a.jpg", "profile_pic_id": "1416059243505595469_288202169", "is_verified": false, "has_anonymous_profile_picture": false, "is_unpublished": false, "is_favorite": false}, "caption": null, "caption_is_edited": false, "photo_of_you": false, "can_viewer_save": true, "organic_tracking_token": "eyJ2ZXJzaW9uIjo1LCJwYXlsb2FkIjp7ImlzX2FuYWx5dGljc190cmFja2VkIjpmYWxzZSwidXVpZCI6IjY4OTI0MzE0Y2EyMjQyOGJhNDUwNDY4NzgwYTNiZTU1MTU2NTQwNDMyODc1ODY1MTI3MiIsInNlcnZlcl90b2tlbiI6IjE1MDA4MzA4MjkzNDB8MTU2NTQwNDMyODc1ODY1MTI3MnwyMDE4Njc3OTQ3fGU1ZWQzZGRmNjgwZTkwNDBkYTQ1MDI1ZTg0YjUyNzM3ZjM3YWRiYjM3NTY0YjE2ZjUyZWE5OTM1MGYwZGI3YTQifSwic2lnbmF0dXJlIjoiIn0=", "expiring_at": 1500917036, "reel_mentions": [], "story_locations": [], "story_hashtags": [], "story_polls": []}]}, {"id": 3287945800, "latest_reel_media": 1500826287, "expiring_at": 1500912687, "seen": 0.0, "can_reply": false, "user": {"pk": 3287945800, "username": "ayaallanurova", "full_name": "AyaAllanurova", "is_private": false, "profile_pic_url": "https://instagram.fhel2-1.fna.fbcdn.net/t51.2885-19/s150x150/20065594_290523214691461_5785134082274885632_a.jpg", "profile_pic_id": "1560304755006591488_3287945800", "is_verified": false}, "ranked_position": 2, "seen_ranked_position": 2, "muted": false, "prefetch_count": 0, "items": [{"taken_at": 1500826266, "pk": 1565366661140602892, "id": "1565366661140602892_3287945800", "device_timestamp": 1500826266, "media_type": 1, "code": "BW5TK9EhmAM", "client_cache_key": "MTU2NTM2NjY2MTE0MDYwMjg5Mg==.2", "filter_type": 643, "image_versions2": {"candidates": [{"width": 1080, "height": 1920, "url": "https://instagram.fhel2-1.fna.fbcdn.net/t51.9792-15/e35/19385595_1735060716797739_3004838340953374720_n.jpg?ig_cache_key=MTU2NTM2NjY2MTE0MDYwMjg5Mg%3D%3D.2\u0026se=8"}, {"width": 240, "height": 426, "url": "https://instagram.fhel2-1.fna.fbcdn.net/t51.9792-15/e35/p240x240/19385595_1735060716797739_3004838340953374720_n.jpg?ig_cache_key=MTU2NTM2NjY2MTE0MDYwMjg5Mg%3D%3D.2"}]}, "original_width": 1080, "original_height": 1920, "caption_position": 0.0, "is_reel_media": true, "user": {"pk": 3287945800, "username": "ayaallanurova", "full_name": "AyaAllanurova", "is_private": false, "profile_pic_url": "https://instagram.fhel2-1.fna.fbcdn.net/t51.2885-19/s150x150/20065594_290523214691461_5785134082274885632_a.jpg", "profile_pic_id": "1560304755006591488_3287945800", "is_verified": false, "has_anonymous_profile_picture": false, "is_unpublished": false, "is_favorite": false}, "caption": null, "caption_is_edited": false, "photo_of_you": false, "can_viewer_save": true, "organic_tracking_token": "eyJ2ZXJzaW9uIjo1LCJwYXlsb2FkIjp7ImlzX2FuYWx5dGljc190cmFja2VkIjpmYWxzZSwidXVpZCI6IjY4OTI0MzE0Y2EyMjQyOGJhNDUwNDY4NzgwYTNiZTU1MTU2NTM2NjY2MTE0MDYwMjg5MiIsInNlcnZlcl90b2tlbiI6IjE1MDA4MzA4MjkzNDF8MTU2NTM2NjY2MTE0MDYwMjg5MnwyMDE4Njc3OTQ3fGVkYTEwZmQ5Yjc4M2UxODU1Mjk3ZDFjZmJmYWI0YjdmOWZkZTQ3NTg2NTMyMmYxYjFmOTUxNzYzZTA1MTQ1OGQifSwic2lnbmF0dXJlIjoiIn0=", "expiring_at": 1500912666, "reel_mentions": [], "story_locations": [], "story_hashtags": [], "story_polls": []}, {"taken_at": 1500826287, "pk": 1565366836001239859, "id": "1565366836001239859_3287945800", "device_timestamp": 1500826287, "media_type": 1, "code": "BW5TNf7B_Mz", "client_cache_key": "MTU2NTM2NjgzNjAwMTIzOTg1OQ==.2", "filter_type": 0, "image_versions2": {"candidates": [{"width": 1080, "height": 1921, "url": "https://instagram.fhel2-1.fna.fbcdn.net/t51.9792-15/e35/17970051_1695474160761973_5745708739218898944_n.jpg?ig_cache_key=MTU2NTM2NjgzNjAwMTIzOTg1OQ%3D%3D.2\u0026se=8"}, {"width": 240, "height": 426, "url": "https://instagram.fhel2-1.fna.fbcdn.net/t51.9792-15/e35/p240x240/17970051_1695474160761973_5745708739218898944_n.jpg?ig_cache_key=MTU2NTM2NjgzNjAwMTIzOTg1OQ%3D%3D.2"}]}, "original_width": 1080, "original_height": 1921, "caption_position": 0.0, "is_reel_media": true, "user": {"pk": 3287945800, "username": "ayaallanurova", "full_name": "AyaAllanurova", "is_private": false, "profile_pic_url": "https://instagram.fhel2-1.fna.fbcdn.net/t51.2885-19/s150x150/20065594_290523214691461_5785134082274885632_a.jpg", "profile_pic_id": "1560304755006591488_3287945800", "is_verified": false, "has_anonymous_profile_picture": false, "is_unpublished": false, "is_favorite": false}, "caption": null, "caption_is_edited": false, "photo_of_you": false, "can_viewer_save": true, "organic_tracking_token": "eyJ2ZXJzaW9uIjo1LCJwYXlsb2FkIjp7ImlzX2FuYWx5dGljc190cmFja2VkIjpmYWxzZSwidXVpZCI6IjY4OTI0MzE0Y2EyMjQyOGJhNDUwNDY4NzgwYTNiZTU1MTU2NTM2NjgzNjAwMTIzOTg1OSIsInNlcnZlcl90b2tlbiI6IjE1MDA4MzA4MjkzNDB8MTU2NTM2NjgzNjAwMTIzOTg1OXwyMDE4Njc3OTQ3fDdhMjFlYzMxMGYzZDBjOGE3ZDZlYTM1NGIzMjhmY2Q0NmFlODQ2NDhmODNkNmMzMTllZmJjMmJhMGQ1YjUzOTAifSwic2lnbmF0dXJlIjoiIn0=", "expiring_at": 1500912687, "reel_mentions": [], "story_locations": [], "story_hashtags": [], "story_polls": []}]}, {"id": 1417472224, "latest_reel_media": 1500829178, "expiring_at": 1500915578, "seen": 0.0, "can_reply": true, "user": {"pk": 1417472224, "username": "lisamonina", "full_name": "l i s a", "is_private": false, "profile_pic_url": "https://instagram.fhel2-1.fna.fbcdn.net/t51.2885-19/s150x150/20180618_1496768067033337_5238133756195241984_a.jpg", "profile_pic_id": "1560375251854315671_1417472224", "is_verified": false}, "ranked_position": 3, "seen_ranked_position": 3, "muted": false, "prefetch_count": 0, "items": [{"taken_at": 1500829178, "pk": 1565391068224454178, "id": "1565391068224454178_1417472224", "device_timestamp": 1500832776781, "media_type": 1, "code": "BW5YuH8Fn4i", "client_cache_key": "MTU2NTM5MTA2ODIyNDQ1NDE3OA==.2", "filter_type": 0, "image_versions2": {"candidates": [{"width": 608, "height": 1080, "url": "https://instagram.fhel2-1.fna.fbcdn.net/t51.9792-15/e35/18118098_1395587417204960_861528147034636288_n.jpg?ig_cache_key=MTU2NTM5MTA2ODIyNDQ1NDE3OA%3D%3D.2"}, {"width": 240, "height": 426, "url": "https://instagram.fhel2-1.fna.fbcdn.net/t51.9792-15/e35/p240x240/18118098_1395587417204960_861528147034636288_n.jpg?ig_cache_key=MTU2NTM5MTA2ODIyNDQ1NDE3OA%3D%3D.2"}]}, "original_width": 608, "original_height": 1080, "caption_position": 0.0, "is_reel_media": true, "user": {"pk": 1417472224, "username": "lisamonina", "full_name": "l i s a", "is_private": false, "profile_pic_url": "https://instagram.fhel2-1.fna.fbcdn.net/t51.2885-19/s150x150/20180618_1496768067033337_5238133756195241984_a.jpg", "profile_pic_id": "1560375251854315671_1417472224", "is_verified": false, "has_anonymous_profile_picture": false, "is_unpublished": false, "is_favorite": false}, "caption": null, "caption_is_edited": false, "photo_of_you": false, "can_viewer_save": true, "organic_tracking_token": "eyJ2ZXJzaW9uIjo1LCJwYXlsb2FkIjp7ImlzX2FuYWx5dGljc190cmFja2VkIjpmYWxzZSwidXVpZCI6IjY4OTI0MzE0Y2EyMjQyOGJhNDUwNDY4NzgwYTNiZTU1MTU2NTM5MTA2ODIyNDQ1NDE3OCIsInNlcnZlcl90b2tlbiI6IjE1MDA4MzA4MjkzNDF8MTU2NTM5MTA2ODIyNDQ1NDE3OHwyMDE4Njc3OTQ3fDhmZjU1Y2QwMTYwNDBmNDkyMzlhNmY0NDEyOWY2YmIwZDcyY2JhZTEwYmVmZTAyYTJiZjkzZDY5YzM1M2VjNzgifSwic2lnbmF0dXJlIjoiIn0=", "expiring_at": 1500915578, "reel_mentions": [], "story_locations": [{"x": 0.27776846, "y": 0.10438957, "width": 0.3585702, "height": 0.040651854, "rotation": -0.06235297, "is_pinned": 0, "location": {"pk": 297175197, "name": "Olkhon Island", "address": "", "city": "", "short_name": "Olkhon Island", "lng": 107.38361111111, "lat": 53.156666666667, "external_source": "facebook_places", "facebook_places_id": 106068516099522}}], "story_hashtags": [], "story_polls": []}]}, {"id": 5486367805, "latest_reel_media": 1500830219, "expiring_at": 1500916619, "seen": 0.0, "can_reply": true, "user": {"pk": 5486367805, "username": "a.t.212608", "full_name": "\ud83d\udc51", "is_private": false, "profile_pic_url": "https://instagram.fhel2-1.fna.fbcdn.net/t51.2885-19/s150x150/18812417_903219166484926_1680539987604406272_a.jpg", "profile_pic_id": "1527711972794930241_5486367805", "is_verified": false}, "ranked_position": 4, "seen_ranked_position": 4, "muted": false, "prefetch_count": 0, "items": [{"taken_at": 1500830219, "pk": 1565400442535881149, "id": "1565400442535881149_5486367805", "device_timestamp": 1500830219, "media_type": 2, "code": "BW5a2iclym9", "client_cache_key": "MTU2NTQwMDQ0MjUzNTg4MTE0OQ==.2", "filter_type": 0, "image_versions2": {"candidates": [{"width": 640, "height": 1137, "url": "https://instagram.fhel2-1.fna.fbcdn.net/t51.9792-15/e15/p640x640/16992848_1819437251404673_8794193547151540224_n.jpg?ig_cache_key=MTU2NTQwMDQ0MjUzNTg4MTE0OQ%3D%3D.2"}, {"width": 240, "height": 426, "url": "https://instagram.fhel2-1.fna.fbcdn.net/t51.9792-15/e15/p240x240/16992848_1819437251404673_8794193547151540224_n.jpg?ig_cache_key=MTU2NTQwMDQ0MjUzNTg4MTE0OQ%3D%3D.2"}]}, "original_width": 720, "original_height": 1280, "caption_position": 0.0, "is_reel_media": true, "video_versions": [{"type": 101, "width": 640, "height": 1137, "url": "https://instagram.fhel2-1.fna.fbcdn.net/t50.9793-16/19386166_125666688046232_8664346343512211456_n.mp4"}, {"type": 103, "width": 480, "height": 853, "url": "https://instagram.fhel2-1.fna.fbcdn.net/t50.9793-16/17613076_267495763733988_8375927401116336128_n.mp4"}, {"type": 102, "width": 480, "height": 853, "url": "https://instagram.fhel2-1.fna.fbcdn.net/t50.9793-16/17613076_267495763733988_8375927401116336128_n.mp4"}], "has_audio": false, "video_duration": 5.7, "user": {"pk": 5486367805, "username": "a.t.212608", "full_name": "\ud83d\udc51", "is_private": false, "profile_pic_url": "https://instagram.fhel2-1.fna.fbcdn.net/t51.2885-19/s150x150/18812417_903219166484926_1680539987604406272_a.jpg", "profile_pic_id": "1527711972794930241_5486367805", "is_verified": false, "has_anonymous_profile_picture": false, "is_unpublished": false, "is_favorite": false}, "caption": null, "caption_is_edited": false, "photo_of_you": false, "can_viewer_save": true, "organic_tracking_token": "eyJ2ZXJzaW9uIjo1LCJwYXlsb2FkIjp7ImlzX2FuYWx5dGljc190cmFja2VkIjpmYWxzZSwidXVpZCI6IjY4OTI0MzE0Y2EyMjQyOGJhNDUwNDY4NzgwYTNiZTU1MTU2NTQwMDQ0MjUzNTg4MTE0OSIsInNlcnZlcl90b2tlbiI6IjE1MDA4MzA4MjkzNDF8MTU2NTQwMDQ0MjUzNTg4MTE0OXwyMDE4Njc3OTQ3fGU3ODgyNzE3ZDc5NmY4YTFkNDAxNDgzODNmZjgzMTk0YWFhZWFjMDAyNjBlZTUwYmRhMTBlZDMzYzM2YzI4MzQifSwic2lnbmF0dXJlIjoiIn0=", "expiring_at": 1500916619, "reel_mentions": [], "story_locations": [], "story_hashtags": [], "story_polls": []}]}, {"id": 2196707705, "latest_reel_media": 1500820619, "expiring_at": 1500907019, "seen": 0.0, "can_reply": true, "user": {"pk": 2196707705, "username": "stokotonya", "full_name": "\u0421\u0442\u043e\u043a\u043e\u0437\u0435\u043d\u043a\u043e \u0410\u043d\u0442\u043e\u043d\u0438\u043d\u0430 \u0411\u0438\u0437\u043d\u0435\u0441 NL\ud83c\udf0d", "is_private": false, "profile_pic_url": "https://instagram.fhel2-1.fna.fbcdn.net/t51.2885-19/s150x150/19933164_841983342625103_3608358602697342976_a.jpg", "profile_pic_id": "1559603079992893600_2196707705", "is_verified": false}, "ranked_position": 5, "seen_ranked_position": 5, "muted": false, "prefetch_count": 0}, {"id": 28875309, "latest_reel_media": 1500829272, "expiring_at": 1500915672, "seen": 0.0, "can_reply": true, "user": {"pk": 28875309, "username": "victoriapotekhina", "full_name": "\u0412\u0438\u043a\u0442\u043e\u0440\u0438\u044f \u041f\u043e\u0442\u0435\u0445\u0438\u043d\u0430", "is_private": false, "profile_pic_url": "https://instagram.fhel2-1.fna.fbcdn.net/t51.2885-19/s150x150/13736926_932623693532603_985468990_a.jpg", "profile_pic_id": "1295799679774311805_28875309", "is_verified": false}, "ranked_position": 6, "seen_ranked_position": 6, "muted": false, "prefetch_count": 0}, {"id": 3270494922, "latest_reel_media": 1500807928, "expiring_at": 1500894328, "seen": 0.0, "can_reply": true, "user": {"pk": 3270494922, "username": "dtp_irk_", "full_name": "\u0414\u0422\u041f \u0418\u0420\u041a\u0423\u0422\u0421\u041a\u0410 | \u0412\u0441\u0435 \u0421\u0430\u043c\u043e\u0435 \ud83d\ude0e\ud83d\ude31\ud83d\ude0a\ud83d\udd1e", "is_private": false, "profile_pic_url": "https://instagram.fhel2-1.fna.fbcdn.net/t51.2885-19/s150x150/18380660_1707825409516500_396056311801839616_a.jpg", "profile_pic_id": "1511234422006287519_3270494922", "is_verified": false}, "ranked_position": 7, "seen_ranked_position": 7, "muted": false, "prefetch_count": 0}, {"id": 816667689, "latest_reel_media": 1500830765, "expiring_at": 1500917165, "seen": 0.0, "can_reply": true, "user": {"pk": 816667689, "username": "ly.grin", "full_name": "\ud83c\udf3f\u041b\u044e\u0431\u0430\ud83c\udf3f", "is_private": false, "profile_pic_url": "https://instagram.fhel2-1.fna.fbcdn.net/t51.2885-19/s150x150/19534101_1426995064047011_3608076543605080064_a.jpg", "profile_pic_id": "1549898987087903393_816667689", "is_verified": false}, "ranked_position": 8, "seen_ranked_position": 8, "muted": false, "prefetch_count": 0}, {"id": 446980825, "latest_reel_media": 1500828670, "expiring_at": 1500915070, "seen": 0.0, "can_reply": true, "user": {"pk": 446980825, "username": "vlada_matvienko", "full_name": "Vladlena", "is_private": false, "profile_pic_url": "https://instagram.fhel2-1.fna.fbcdn.net/t51.2885-19/s150x150/19986123_1935524053327353_5456461860272340992_a.jpg", "profile_pic_id": "1557394368348246654_446980825", "is_verified": false}, "ranked_position": 9, "seen_ranked_position": 9, "muted": false, "prefetch_count": 0}, {"id": 558483405, "latest_reel_media": 1500826110, "expiring_at": 1500912510, "seen": 0.0, "can_reply": true, "user": {"pk": 558483405, "username": "wow.i.mom", "full_name": "Marina", "is_private": false, "profile_pic_url": "https://instagram.fhel2-1.fna.fbcdn.net/t51.2885-19/s150x150/19226949_1961850957359648_963036924526723072_a.jpg", "profile_pic_id": "1536883416758150154_558483405", "is_verified": false}, "ranked_position": 10, "seen_ranked_position": 10, "muted": false, "prefetch_count": 0}, {"id": 245183946, "latest_reel_media": 1500827620, "expiring_at": 1500914020, "seen": 0.0, "can_reply": true, "user": {"pk": 245183946, "username": "la_torte", "full_name": "YULIA IVANOVA, Moscow", "is_private": false, "profile_pic_url": "https://instagram.fhel2-1.fna.fbcdn.net/t51.2885-19/11356956_486110254904722_2116328223_a.jpg", "is_verified": false}, "ranked_position": 11, "seen_ranked_position": 11, "muted": false, "prefetch_count": 0}, {"id": 1363510, "latest_reel_media": 1500830686, "expiring_at": 1500917086, "seen": 0.0, "can_reply": true, "user": {"pk": 1363510, "username": "136th", "full_name": "\u0421\u0435\u0440\u0433\u0435\u0439 \u041a\u0430\u043b\u044e\u0436\u043d\u044b\u0439", "is_private": false, "profile_pic_url": "https://instagram.fhel2-1.fna.fbcdn.net/t51.2885-19/s150x150/17881844_1973844912836409_1328022102879502336_a.jpg", "profile_pic_id": "1491916868403219891_1363510", "is_verified": false}, "ranked_position": 12, "seen_ranked_position": 12, "muted": false, "prefetch_count": 0}, {"id": 306622647, "latest_reel_media": 1500812696, "expiring_at": 1500899096, "seen": 0.0, "can_reply": true, "user": {"pk": 306622647, "username": "_tulrzhev_", "full_name": "E K A T E R I N A", "is_private": false, "profile_pic_url": "https://instagram.fhel2-1.fna.fbcdn.net/t51.2885-19/s150x150/19761300_149988495571182_4504431807348867072_a.jpg", "profile_pic_id": "1553678140671454007_306622647", "is_verified": false}, "ranked_position": 13, "seen_ranked_position": 13, "muted": false, "prefetch_count": 0}, {"id": 1728512354, "latest_reel_media": 1500813652, "expiring_at": 1500900052, "seen": 0.0, "can_reply": true, "user": {"pk": 1728512354, "username": "copter38", "full_name": "Copter38", "is_private": false, "profile_pic_url": "https://instagram.fhel2-1.fna.fbcdn.net/t51.2885-19/s150x150/14063243_532664086943109_744351098_a.jpg", "profile_pic_id": "1318202577938376039_1728512354", "is_verified": false}, "ranked_position": 14, "seen_ranked_position": 14, "muted": false, "prefetch_count": 0}, {"id": 4462225583, "latest_reel_media": 1500822338, "expiring_at": 1500908738, "seen": 0.0, "can_reply": true, "user": {"pk": 4462225583, "username": "koanassh", "full_name": "\u0410\u043d\u0430\u0441\u0442\u0430\u0441\u0438\u044f \u041a\u043e\u0448\u043a\u0438\u043d\u0430", "is_private": false, "profile_pic_url": "https://instagram.fhel2-1.fna.fbcdn.net/t51.2885-19/s150x150/19623175_1419584861443382_8969418141130031104_a.jpg", "profile_pic_id": "1550138475076311140_4462225583", "is_verified": false}, "ranked_position": 15, "seen_ranked_position": 15, "muted": false, "prefetch_count": 0}, {"id": 1174354933, "latest_reel_media": 1500811316, "expiring_at": 1500897716, "seen": 0.0, "can_reply": true, "user": {"pk": 1174354933, "username": "count_v.dracula", "full_name": "Vladlena Buik-Li", "is_private": false, "profile_pic_url": "https://instagram.fhel2-1.fna.fbcdn.net/t51.2885-19/s150x150/19534264_450346605333117_2901132550250430464_a.jpg", "profile_pic_id": "1549925069600383445_1174354933", "is_verified": false}, "ranked_position": 16, "seen_ranked_position": 16, "muted": false, "prefetch_count": 0}, {"id": 2519847035, "latest_reel_media": 1500830233, "expiring_at": 1500916633, "seen": 0.0, "can_reply": true, "user": {"pk": 2519847035, "username": "_irina__re", "full_name": "", "is_private": false, "profile_pic_url": "https://instagram.fhel2-1.fna.fbcdn.net/t51.2885-19/s150x150/19436382_1083354148464256_5801762872795070464_a.jpg", "profile_pic_id": "1546491035922830052_2519847035", "is_verified": false}, "ranked_position": 17, "seen_ranked_position": 17, "muted": false, "prefetch_count": 0}, {"id": 1442508870, "latest_reel_media": 1500824701, "expiring_at": 1500911101, "seen": 0.0, "can_reply": true, "user": {"pk": 1442508870, "username": "ch_nst", "full_name": "A n A s t A s i A", "is_private": false, "profile_pic_url": "https://instagram.fhel2-1.fna.fbcdn.net/t51.2885-19/s150x150/19955768_1955206311423870_113171258673201152_a.jpg", "profile_pic_id": "1558096111888150554_1442508870", "is_verified": false}, "ranked_position": 18, "seen_ranked_position": 18, "muted": false, "prefetch_count": 0}, {"id": 261183629, "latest_reel_media": 1500825557, "expiring_at": 1500911957, "seen": 0.0, "can_reply": true, "user": {"pk": 261183629, "username": "aikerimturgynbek", "full_name": "", "is_private": false, "profile_pic_url": "https://instagram.fhel2-1.fna.fbcdn.net/t51.2885-19/s150x150/20065846_215568865634890_4253931250013700096_a.jpg", "profile_pic_id": "1558143378909140729_261183629", "is_verified": false}, "ranked_position": 19, "seen_ranked_position": 19, "muted": false, "prefetch_count": 0}, {"id": 2287134253, "latest_reel_media": 1500820261, "expiring_at": 1500906661, "seen": 0.0, "can_reply": true, "user": {"pk": 2287134253, "username": "masha_fitness_", "full_name": "\ud83d\udcaa\u0424\u0418\u0422\u041d\u0415\u0421 \u0422\u0420\u0415\u041d\u0415\u0420 \u0418\u0420\u041a\u0423\u0422\u0421\u041a\ud83c\uddf7\ud83c\uddfa", "is_private": false, "profile_pic_url": "https://instagram.fhel2-1.fna.fbcdn.net/t51.2885-19/s150x150/19985263_152512711975075_715134165275639808_a.jpg", "profile_pic_id": "1558514619398574219_2287134253", "is_verified": false}, "ranked_position": 20, "seen_ranked_position": 20, "muted": false, "prefetch_count": 0}, {"id": 3642334943, "latest_reel_media": 1500823606, "expiring_at": 1500910006, "seen": 0.0, "can_reply": true, "user": {"pk": 3642334943, "username": "daria_raskol", "full_name": "\u0414\u0430\u0440\u044c\u044f \u0420\u0430\u0441\u043a\u043e\u043b\u044c\u043d\u0438\u043a\u043e\u0432\u0430", "is_private": false, "profile_pic_url": "https://instagram.fhel2-1.fna.fbcdn.net/t51.2885-19/s150x150/17882300_426348384388919_3646032780212568064_a.jpg", "profile_pic_id": "1494857244485945590_3642334943", "is_verified": false}, "ranked_position": 21, "seen_ranked_position": 21, "muted": false, "prefetch_count": 0}, {"id": 284106969, "latest_reel_media": 1500823484, "expiring_at": 1500909884, "seen": 0.0, "can_reply": true, "user": {"pk": 284106969, "username": "maharbi13", "full_name": "\ud83e\udd40\ud83d\udda4Igoshina\ud83d\udda4\ud83e\udd40", "is_private": false, "profile_pic_url": "https://instagram.fhel2-1.fna.fbcdn.net/t51.2885-19/s150x150/19985126_1553560568007721_2072055578376536064_a.jpg", "profile_pic_id": "1558024078878373520_284106969", "is_verified": false}, "ranked_position": 22, "seen_ranked_position": 22, "muted": false, "prefetch_count": 0}, {"id": 2896660114, "latest_reel_media": 1500823692, "expiring_at": 1500910092, "seen": 0.0, "can_reply": true, "user": {"pk": 2896660114, "username": "nastyaaa_tyan", "full_name": "\u0410\u043d\u0430\u0441\u0442\u0430\u0441\u0438\u044f \u0410\u0444\u043e\u043d\u0438\u043d\u0430", "is_private": false, "profile_pic_url": "https://instagram.fhel2-1.fna.fbcdn.net/t51.2885-19/s150x150/18252819_779324928892126_6715343729944690688_a.jpg", "profile_pic_id": "1507375765900123296_2896660114", "is_verified": false}, "ranked_position": 23, "seen_ranked_position": 23, "muted": false, "prefetch_count": 0}, {"id": 229943618, "latest_reel_media": 1500820448, "expiring_at": 1500906848, "seen": 0.0, "can_reply": true, "user": {"pk": 229943618, "username": "katyakogler", "full_name": "Katya Kogler", "is_private": false, "profile_pic_url": "https://instagram.fhel2-1.fna.fbcdn.net/t51.2885-19/s150x150/19624350_1946785188923033_6600595685697912832_a.jpg", "profile_pic_id": "1552273851386227918_229943618", "is_verified": false}, "ranked_position": 24, "seen_ranked_position": 24, "muted": false, "prefetch_count": 0}, {"id": 2160195848, "latest_reel_media": 1500820710, "expiring_at": 1500907110, "seen": 0.0, "can_reply": true, "user": {"pk": 2160195848, "username": "di_koshkina_", "full_name": "\ud83d\ude3b\u0414\u0438\u0430\u043d\u0430 \u041a\u043e\u0448\u043a\u0438\u043d\u0430\u2764\ufe0f\u0418\u0440\u043a\u0443\u0442\u0441\u043a", "is_private": false, "profile_pic_url": "https://instagram.fhel2-1.fna.fbcdn.net/t51.2885-19/s150x150/20347606_462737187416921_4743950545625022464_a.jpg", "profile_pic_id": "1565347809439713873_2160195848", "is_verified": false}, "ranked_position": 25, "seen_ranked_position": 25, "muted": false, "prefetch_count": 0}, {"id": 572006383, "latest_reel_media": 1500828628, "expiring_at": 1500915028, "seen": 0.0, "can_reply": true, "user": {"pk": 572006383, "username": "uchral_0915", "full_name": "Uchral G", "is_private": false, "profile_pic_url": "https://instagram.ffor13-1.fna.fbcdn.net/t51.2885-19/11906329_960233084022564_1448528159_a.jpg", "is_verified": false}, "ranked_position": 26, "seen_ranked_position": 26, "muted": false, "prefetch_count": 0}, {"id": 412574131, "latest_reel_media": 1500817926, "expiring_at": 1500904326, "seen": 0.0, "can_reply": true, "user": {"pk": 412574131, "username": "kudryash_ov", "full_name": "Anton Kudryashov", "is_private": false, "profile_pic_url": "https://instagram.fhel2-1.fna.fbcdn.net/t51.2885-19/s150x150/14730610_355655794771291_4007664516820107264_a.jpg", "profile_pic_id": "1362746258477261362_412574131", "is_verified": false}, "ranked_position": 27, "seen_ranked_position": 27, "muted": false, "prefetch_count": 0}, {"id": 1323978432, "latest_reel_media": 1500820712, "expiring_at": 1500907112, "seen": 0.0, "can_reply": true, "user": {"pk": 1323978432, "username": "kazzanchyan", "full_name": "Irina Kazanchyan", "is_private": false, "profile_pic_url": "https://instagram.fhel2-1.fna.fbcdn.net/t51.2885-19/s150x150/18888915_196602230863332_711292463058255872_a.jpg", "profile_pic_id": "1530666697827272197_1323978432", "is_verified": false}, "ranked_position": 28, "seen_ranked_position": 28, "muted": false, "prefetch_count": 0}, {"id": 3111879604, "latest_reel_media": 1500809529, "expiring_at": 1500895929, "seen": 0.0, "can_reply": true, "user": {"pk": 3111879604, "username": "marina_noskova7", "full_name": "\u041c\u0430\u0440\u0438\u043d\u0430 \u041d\u043e\u0441\u043a\u043e\u0432\u0430", "is_private": false, "profile_pic_url": "https://instagram.fhel2-1.fna.fbcdn.net/t51.2885-19/s150x150/19624806_150541435513385_3481108222184521728_n.jpg", "profile_pic_id": "1461737975352485755_3111879604", "is_verified": false}, "ranked_position": 29, "seen_ranked_position": 29, "muted": false, "prefetch_count": 0}, {"id": 901380301, "latest_reel_media": 1500824626, "expiring_at": 1500911026, "seen": 0.0, "can_reply": true, "user": {"pk": 901380301, "username": "v.zolotoverh", "full_name": "\u0412\u0430\u043b\u0435\u0440\u0438\u044f \u0417\u043e\u043b\u043e\u0442\u043e\u0432\u0435\u0440\u0445", "is_private": false, "profile_pic_url": "https://instagram.fhel2-1.fna.fbcdn.net/t51.2885-19/s150x150/18722866_140400343172040_1871682301612523520_a.jpg", "profile_pic_id": "1522706428552546296_901380301", "is_verified": false}, "ranked_position": 30, "seen_ranked_position": 30, "muted": false, "prefetch_count": 0}, {"id": 43930838, "latest_reel_media": 1500818507, "expiring_at": 1500904907, "seen": 0.0, "can_reply": true, "user": {"pk": 43930838, "username": "emakher", "full_name": "Efim Gantmakher", "is_private": false, "profile_pic_url": "https://instagram.fhel2-1.fna.fbcdn.net/t51.2885-19/s150x150/14712253_681428155358901_7041405071392768000_a.jpg", "profile_pic_id": "1361689134377191271_43930838", "is_verified": false}, "ranked_position": 31, "seen_ranked_position": 31, "muted": false, "prefetch_count": 0}, {"id": 1723183675, "latest_reel_media": 1500830087, "expiring_at": 1500916487, "seen": 0.0, "can_reply": true, "user": {"pk": 1723183675, "username": "all_is_dull", "full_name": "\u0410\u043b\u0451\u0448\u043a\u0430", "is_private": false, "profile_pic_url": "https://instagram.fhel2-1.fna.fbcdn.net/t51.2885-19/s150x150/13525578_298675500466505_882362163_a.jpg", "profile_pic_id": "1285564336442427992_1723183675", "is_verified": false}, "ranked_position": 32, "seen_ranked_position": 32, "muted": false, "prefetch_count": 0}, {"id": 426864874, "latest_reel_media": 1500821417, "expiring_at": 1500907817, "seen": 0.0, "can_reply": true, "user": {"pk": 426864874, "username": "zeziulchik", "full_name": "Anastasia\u2649\ufe0f", "is_private": false, "profile_pic_url": "https://instagram.fhel2-1.fna.fbcdn.net/t51.2885-19/s150x150/15876858_724322107732622_8458873673552494592_n.jpg", "profile_pic_id": "1427184028922811752_426864874", "is_verified": false}, "ranked_position": 33, "seen_ranked_position": 33, "muted": false, "prefetch_count": 0}, {"id": 668065568, "latest_reel_media": 1500820297, "expiring_at": 1500906697, "seen": 0.0, "can_reply": true, "user": {"pk": 668065568, "username": "rinasns", "full_name": "Nadin Rinas", "is_private": false, "profile_pic_url": "https://instagram.fhel2-1.fna.fbcdn.net/t51.2885-19/s150x150/15035582_1793380027596024_1230179324787687424_a.jpg", "profile_pic_id": "1390665599483866118_668065568", "is_verified": false}, "ranked_position": 34, "seen_ranked_position": 34, "muted": false, "prefetch_count": 0}, {"id": 5694258598, "latest_reel_media": 1500819384, "expiring_at": 1500905784, "seen": 0.0, "can_reply": true, "user": {"pk": 5694258598, "username": "johnredgard", "full_name": "johnredgard", "is_private": false, "profile_pic_url": "https://instagram.fhel2-1.fna.fbcdn.net/t51.2885-19/s150x150/19932019_319847181794689_5813815603294633984_a.jpg", "profile_pic_id": "1553017829372982742_5694258598", "is_verified": false}, "ranked_position": 35, "seen_ranked_position": 35, "muted": false, "prefetch_count": 0}, {"id": 3920539853, "latest_reel_media": 1500813073, "expiring_at": 1500899473, "seen": 0.0, "can_reply": true, "user": {"pk": 3920539853, "username": "gradientis", "full_name": "\ud83d\udc5b \u0411\u0440\u0435\u043d\u0434\u043e\u0432\u044b\u0435 \u0421\u0443\u043c\u043a\u0438 \u0412 \u041d\u0410\u041b\u0418\u0427\u0418\u0418", "is_private": false, "profile_pic_url": "https://instagram.fhel2-1.fna.fbcdn.net/t51.2885-19/s150x150/14582355_1147513168673057_1032282015065440256_a.jpg", "profile_pic_id": "1362284813918355159_3920539853", "is_verified": false}, "ranked_position": 36, "seen_ranked_position": 36, "muted": false, "prefetch_count": 0}, {"id": 547177580, "latest_reel_media": 1500816500, "expiring_at": 1500902900, "seen": 0.0, "can_reply": false, "user": {"pk": 547177580, "username": "alexsandria93", "full_name": "\ud83c\udd62\ud83c\udd50\ud83c\udd5d\ud83c\udd54\ud83c\udd52\ud83c\udd57\ud83c\udd5a\ud83c\udd50", "is_private": false, "profile_pic_url": "https://instagram.fhel2-1.fna.fbcdn.net/t51.2885-19/s150x150/19985916_130856117511331_6698891312256516096_a.jpg", "profile_pic_id": "1560143267054522896_547177580", "is_verified": false}, "ranked_position": 37, "seen_ranked_position": 37, "muted": false, "prefetch_count": 0}, {"id": 783479692, "latest_reel_media": 1500808560, "expiring_at": 1500894960, "seen": 0.0, "can_reply": true, "user": {"pk": 783479692, "username": "nickyross38", "full_name": "\u041d\u0438\u043a\u043e\u043b\u0430\u0439 \u0427\u0438\u0441\u0442\u0438\u043a\u043e\u0432", "is_private": false, "profile_pic_url": "https://instagram.fhel2-1.fna.fbcdn.net/t51.2885-19/s150x150/11375150_872668092811756_1181996102_a.jpg", "is_verified": false}, "ranked_position": 38, "seen_ranked_position": 38, "muted": false, "prefetch_count": 0}, {"id": 294470582, "latest_reel_media": 1500815667, "expiring_at": 1500902067, "seen": 0.0, "can_reply": true, "user": {"pk": 294470582, "username": "fdrv.al", "full_name": "MMII \ud83e\udd1e\ud83c\udffc", "is_private": false, "profile_pic_url": "https://instagram.fhel2-1.fna.fbcdn.net/t51.2885-19/s150x150/19437036_154951438409391_386010658174402560_a.jpg", "profile_pic_id": "1564178863583891182_294470582", "is_verified": false}, "ranked_position": 39, "seen_ranked_position": 39, "muted": false, "prefetch_count": 0}, {"id": 592580753, "latest_reel_media": 1500815630, "expiring_at": 1500902030, "seen": 0.0, "can_reply": true, "user": {"pk": 592580753, "username": "nastic_lobova", "full_name": "\u0410\u043d\u0430\u0441\u0442\u0430\u0441\u0438\u044f \u041b\u043e\u0431\u043e\u0432\u0430\ud83d\udc90", "is_private": false, "profile_pic_url": "https://instagram.fhel2-1.fna.fbcdn.net/t51.2885-19/s150x150/19985900_1990307064588003_6368620323037773824_a.jpg", "profile_pic_id": "1559788537461600767_592580753", "is_verified": false}, "ranked_position": 40, "seen_ranked_position": 40, "muted": false, "prefetch_count": 0}, {"id": 2338413, "latest_reel_media": 1500823781, "expiring_at": 1500910181, "seen": 0.0, "can_reply": true, "user": {"pk": 2338413, "username": "natashabaccardi", "full_name": "natashabaccardi", "is_private": false, "profile_pic_url": "https://instagram.fhel2-1.fna.fbcdn.net/t51.2885-19/s150x150/1170006_994322793948438_1519268086_a.jpg", "is_verified": false}, "ranked_position": 41, "seen_ranked_position": 41, "muted": false, "prefetch_count": 0}, {"id": 962876387, "latest_reel_media": 1500819289, "expiring_at": 1500905689, "seen": 0.0, "can_reply": true, "user": {"pk": 962876387, "username": "dashabelyashik", "full_name": "Daria", "is_private": false, "profile_pic_url": "https://instagram.fhel2-1.fna.fbcdn.net/t51.2885-19/s150x150/14592175_1785043858421308_4832640168588476416_a.jpg", "profile_pic_id": "1381218029262591317_962876387", "is_verified": false}, "ranked_position": 42, "seen_ranked_position": 42, "muted": false, "prefetch_count": 0}, {"id": 827704083, "latest_reel_media": 1500814430, "expiring_at": 1500900830, "seen": 0.0, "can_reply": true, "user": {"pk": 827704083, "username": "makhmadiev", "full_name": "Sharaf", "is_private": false, "profile_pic_url": "https://instagram.fhel2-1.fna.fbcdn.net/t51.2885-19/s150x150/17438117_1415627328512776_710464165730320384_a.jpg", "profile_pic_id": "1480941068127492955_827704083", "is_verified": false}, "ranked_position": 43, "seen_ranked_position": 43, "muted": false, "prefetch_count": 0}, {"id": 42582246, "latest_reel_media": 1500816311, "expiring_at": 1500902711, "seen": 0.0, "can_reply": true, "user": {"pk": 42582246, "username": "nadyademina", "full_name": "Nadya Demina", "is_private": false, "profile_pic_url": "https://instagram.fhel2-1.fna.fbcdn.net/t51.2885-19/s150x150/14478536_1142474099140322_4503177200157065216_a.jpg", "profile_pic_id": "1359567516615426035_42582246", "is_verified": false}, "ranked_position": 44, "seen_ranked_position": 44, "muted": false, "prefetch_count": 0}, {"id": 573716746, "latest_reel_media": 1500812822, "expiring_at": 1500899222, "seen": 0.0, "can_reply": true, "user": {"pk": 573716746, "username": "allenablack", "full_name": "Alena", "is_private": false, "profile_pic_url": "https://instagram.fhel2-1.fna.fbcdn.net/t51.2885-19/s150x150/14677243_1111899725554705_5903222846573772800_a.jpg", "profile_pic_id": "1359097731658737687_573716746", "is_verified": false}, "ranked_position": 45, "seen_ranked_position": 45, "muted": false, "prefetch_count": 0}, {"id": 283821377, "latest_reel_media": 1500821633, "expiring_at": 1500908033, "seen": 0.0, "can_reply": true, "user": {"pk": 283821377, "username": "alena__barbie", "full_name": "A\u043b\u0451\u043d\u0430 \u0410\u043a\u0441\u0451\u043d\u043e\u0432\u0430 \ud83d\udc78\ud83c\udffc", "is_private": false, "profile_pic_url": "https://instagram.fhel2-1.fna.fbcdn.net/t51.2885-19/s150x150/20067425_1225138084298584_2994416220557541376_a.jpg", "profile_pic_id": "1561744357765475146_283821377", "is_verified": false}, "ranked_position": 46, "seen_ranked_position": 46, "muted": false, "prefetch_count": 0}, {"id": 646884148, "latest_reel_media": 1500812541, "expiring_at": 1500898941, "seen": 0.0, "can_reply": true, "user": {"pk": 646884148, "username": "magdan.off", "full_name": "\u0421\u0435\u0440\u0433\u0435\u0439", "is_private": false, "profile_pic_url": "https://instagram.fhel2-1.fna.fbcdn.net/t51.2885-19/s150x150/13725556_1812466162314643_1250146366_a.jpg", "profile_pic_id": "1295607224672123737_646884148", "is_verified": false}, "ranked_position": 47, "seen_ranked_position": 47, "muted": false, "prefetch_count": 0}, {"id": 476246685, "latest_reel_media": 1500815541, "expiring_at": 1500901941, "seen": 0.0, "can_reply": true, "user": {"pk": 476246685, "username": "pilipchak", "full_name": "Ma", "is_private": false, "profile_pic_url": "https://instagram.fhel2-1.fna.fbcdn.net/t51.2885-19/s150x150/13385718_1089733074414934_2033820975_a.jpg", "profile_pic_id": "1271315968472799859_476246685", "is_verified": false}, "ranked_position": 48, "seen_ranked_position": 48, "muted": false, "prefetch_count": 0}, {"id": 2291442291, "latest_reel_media": 1500823570, "expiring_at": 1500909970, "seen": 0.0, "can_reply": true, "user": {"pk": 2291442291, "username": "_ladyinblack_rish", "full_name": "Smoothies\ud83c\udf79Rish\ud83d\udc83\ud83d\udc8b", "is_private": false, "profile_pic_url": "https://instagram.fhel2-1.fna.fbcdn.net/t51.2885-19/s150x150/16122629_772275332936274_1806333132958334976_n.jpg", "profile_pic_id": "1436256630739076802_2291442291", "is_verified": false}, "ranked_position": 49, "seen_ranked_position": 49, "muted": false, "prefetch_count": 0}, {"id": 2073873927, "latest_reel_media": 1500813915, "expiring_at": 1500900315, "seen": 0.0, "can_reply": true, "user": {"pk": 2073873927, "username": "borodina90", "full_name": "Borodylia", "is_private": false, "profile_pic_url": "https://instagram.fhel2-1.fna.fbcdn.net/t51.2885-19/s150x150/19534946_1551376968235191_8728878879969640448_a.jpg", "profile_pic_id": "1548700134929141158_2073873927", "is_verified": false}, "ranked_position": 50, "seen_ranked_position": 50, "muted": false, "prefetch_count": 0}, {"id": 199889870, "latest_reel_media": 1500824856, "expiring_at": 1500911256, "seen": 0.0, "can_reply": true, "user": {"pk": 199889870, "username": "klubnikaz", "full_name": "Alena Evsyukova", "is_private": false, "profile_pic_url": "https://instagram.fhel2-1.fna.fbcdn.net/t51.2885-19/s150x150/16464996_1269933916430709_5531065914650263552_a.jpg", "profile_pic_id": "1449131074122564795_199889870", "is_verified": false}, "ranked_position": 51, "seen_ranked_position": 51, "muted": false, "prefetch_count": 0}, {"id": 552944328, "latest_reel_media": 1500813194, "expiring_at": 1500899594, "seen": 0.0, "can_reply": true, "user": {"pk": 552944328, "username": "lyzina_yakovleva", "full_name": "\u0410\u043d\u0430\u0441\u0442\u0430\u0441\u0438\u044f \u041b\u044b\u0437\u0438\u043d\u0430-\u042f\u043a\u043e\u0432\u043b\u0435\u0432\u0430", "is_private": true, "profile_pic_url": "https://instagram.fhel2-1.fna.fbcdn.net/t51.2885-19/s150x150/19764346_1836580076669694_1899324483496312832_a.jpg", "profile_pic_id": "1552250561263576978_552944328", "is_verified": false}, "ranked_position": 52, "seen_ranked_position": 52, "muted": false, "prefetch_count": 0}, {"id": 5517629889, "latest_reel_media": 1500818535, "expiring_at": 1500904935, "seen": 0.0, "can_reply": true, "user": {"pk": 5517629889, "username": "vladozha_zhivotova", "full_name": "\u0412\u043b\u0430\u0434\u043e\u0447\u043a\u0430 \u0416\u0438\u0432\u043e\u0442\u043e\u0432\u0430\ud83d\udc51\ud83c\udf08", "is_private": false, "profile_pic_url": "https://instagram.fhel2-1.fna.fbcdn.net/t51.2885-19/s150x150/19984643_333040083797364_8307347227349614592_a.jpg", "profile_pic_id": "1559182819681571493_5517629889", "is_verified": false}, "ranked_position": 53, "seen_ranked_position": 53, "muted": false, "prefetch_count": 0}, {"id": 1994032722, "latest_reel_media": 1500819103, "expiring_at": 1500905503, "seen": 0.0, "can_reply": true, "user": {"pk": 1994032722, "username": "oksanakopylova", "full_name": "\u041e\u043a\u0441\u0430\u043d\u0430, \u0424\u0438\u0442\u043d\u0435\u0441 \u0442\u0440\u0435\u043d\u0435\u0440, Irkutsk", "is_private": false, "profile_pic_url": "https://instagram.fhel2-1.fna.fbcdn.net/t51.2885-19/s150x150/18011724_983846788384314_4706706848386908160_a.jpg", "profile_pic_id": "1497227242227471560_1994032722", "is_verified": false}, "ranked_position": 54, "seen_ranked_position": 54, "muted": false, "prefetch_count": 0}, {"id": 1081354535, "latest_reel_media": 1500829377, "expiring_at": 1500915777, "seen": 0.0, "can_reply": true, "user": {"pk": 1081354535, "username": "chu_chuprov", "full_name": "chuprov", "is_private": false, "profile_pic_url": "https://instagram.fhel2-1.fna.fbcdn.net/t51.2885-19/s150x150/18645041_789654951201927_7206151341033390080_a.jpg", "profile_pic_id": "1519768044862524960_1081354535", "is_verified": false}, "ranked_position": 55, "seen_ranked_position": 55, "muted": false, "prefetch_count": 0}, {"id": 253494367, "latest_reel_media": 1500820306, "expiring_at": 1500906706, "seen": 0.0, "can_reply": true, "user": {"pk": 253494367, "username": "victoriya_cosmetolog", "full_name": "\ud83d\udd34\u0422\u0430\u0442\u0443\u0430\u0436 \u0411\u0440\u043e\u0432\u0435\u0439 \u041c\u043e\u0441\u043a\u0432\u0430", "is_private": false, "profile_pic_url": "https://instagram.fhel2-1.fna.fbcdn.net/t51.2885-19/s150x150/16230631_609051522621090_8450606076256059392_n.jpg", "profile_pic_id": "1438702909483532404_253494367", "is_verified": false}, "ranked_position": 56, "seen_ranked_position": 56, "muted": false, "prefetch_count": 0}, {"id": 513530074, "latest_reel_media": 1500814182, "expiring_at": 1500900582, "seen": 0.0, "can_reply": true, "user": {"pk": 513530074, "username": "sabina.budaeva", "full_name": "Sabina Budaeva\ud83d\udc8b", "is_private": false, "profile_pic_url": "https://instagram.fhel2-1.fna.fbcdn.net/t51.2885-19/s150x150/19955183_577757325945970_7037919112726577152_a.jpg", "profile_pic_id": "1554607178588303964_513530074", "is_verified": false}, "ranked_position": 57, "seen_ranked_position": 57, "muted": false, "prefetch_count": 0}, {"id": 475473803, "latest_reel_media": 1500818204, "expiring_at": 1500904604, "seen": 0.0, "can_reply": true, "user": {"pk": 475473803, "username": "katyatumad", "full_name": "Katya Tu", "is_private": false, "profile_pic_url": "https://instagram.fhel2-1.fna.fbcdn.net/t51.2885-19/s150x150/18011825_198992720606692_3241791274356834304_a.jpg", "profile_pic_id": "1495744219306063019_475473803", "is_verified": false}, "ranked_position": 58, "seen_ranked_position": 58, "muted": false, "prefetch_count": 0}, {"id": 1326460178, "latest_reel_media": 1500818910, "expiring_at": 1500905310, "seen": 0.0, "can_reply": true, "user": {"pk": 1326460178, "username": "kapochka74", "full_name": "Polina", "is_private": false, "profile_pic_url": "https://instagram.fhel2-1.fna.fbcdn.net/t51.2885-19/s150x150/18645580_1676575135981949_1407434222821441536_a.jpg", "profile_pic_id": "1522678119658668067_1326460178", "is_verified": false}, "ranked_position": 59, "seen_ranked_position": 59, "muted": false, "prefetch_count": 0}, {"id": 1957080676, "latest_reel_media": 1500811704, "expiring_at": 1500898104, "seen": 0.0, "can_reply": true, "user": {"pk": 1957080676, "username": "_maarinochkaa_", "full_name": "\u041c\u0430\u0440\u0438\u043d\u0430", "is_private": false, "profile_pic_url": "https://instagram.fhel2-1.fna.fbcdn.net/t51.2885-19/s150x150/20181184_152213052016607_2624891888838115328_a.jpg", "profile_pic_id": "1563939846765706357_1957080676", "is_verified": false}, "ranked_position": 60, "seen_ranked_position": 60, "muted": false, "prefetch_count": 0}, {"id": 213542575, "latest_reel_media": 1500818296, "expiring_at": 1500904696, "seen": 0.0, "can_reply": true, "user": {"pk": 213542575, "username": "kriskondrateva", "full_name": "\ud83d\ude08", "is_private": false, "profile_pic_url": "https://instagram.fhel2-1.fna.fbcdn.net/t51.2885-19/s150x150/17268060_311339449281780_8007914412553797632_a.jpg", "profile_pic_id": "1473565070935339
[...]
ram.fhel2-1.fna.fbcdn.net/t51.2885-19/s150x150/20066493_479061102446738_1084389249790246912_n.jpg", "profile_pic_id": "1484024547991956905_4615395267", "friendship_status": {"following": false, "outgoing_request": false, "is_bestie": false}, "is_verified": false, "has_anonymous_profile_picture": false, "is_unpublished": false, "is_favorite": false}, "did_report_as_spam": false, "media_id": 1560248715783283462, "has_translation": true}, "caption_is_edited": false, "like_count": 11305, "has_liked": false, "top_likers": [], "comment_likes_enabled": false, "comment_threading_enabled": false, "has_more_comments": true, "next_max_id": 17889007918043932, "max_num_visible_preview_comments": 2, "preview_comments": [{"pk": 17876964451118914, "user_id": 3030011066, "text": "\u0425\u0430\u0445", "type": 0, "created_at": 1500216211, "created_at_utc": 1500216211, "content_type": "comment", "status": "Active", "bit_flags": 0, "user": {"pk": 3030011066, "username": "dobroe__video", "full_name": "\u0421\u0430\u043c\u0430\u044f \u0434\u043e\u0431\u0440\u0430\u044f \u0441\u0442\u0440\u0430\u043d\u0438\u0447\u043a\u0430", "is_private": false, "profile_pic_url": "https://instagram.fhel2-1.fna.fbcdn.net/t51.2885-19/s150x150/19985356_1989241201309638_2299802378230038528_n.jpg", "profile_pic_id": "1433384547931695767_3030011066", "is_verified": false}, "did_report_as_spam": false, "media_id": 1560248715783283462}, {"pk": 17889007918043932, "user_id": 1312840419, "text": "\u041a\u0440\u0443\u0442\u043e", "type": 0, "created_at": 1500216435, "created_at_utc": 1500216435, "content_type": "comment", "status": "Active", "bit_flags": 0, "user": {"pk": 1312840419, "username": "science_ins", "full_name": "", "is_private": false, "profile_pic_url": "https://instagram.fhel2-1.fna.fbcdn.net/t51.2885-19/s150x150/19985180_326415371130629_5617251167953223680_n.jpg", "profile_pic_id": "1464586578597083899_1312840419", "is_verified": false}, "did_report_as_spam": false, "media_id": 1560248715783283462, "has_translation": true}], "comment_count": 59, "photo_of_you": false, "can_viewer_save": true, "organic_tracking_token": "eyJ2ZXJzaW9uIjo1LCJwYXlsb2FkIjp7ImlzX2FuYWx5dGljc190cmFja2VkIjp0cnVlLCJ1dWlkIjoiZDQ4YjVhZTVjZTFkNDU2OGJlMTFiNGM1N2NmYzRiYWUxNTYwMjQ4NzE1NzgzMjgzNDYyIiwic2VydmVyX3Rva2VuIjoiMTUwMDgzMDkwMjkwOXwxNTYwMjQ4NzE1NzgzMjgzNDYyfDIwMTg2Nzc5NDd8ZDliN2FlZjkxYzk3ODUxODA2ZGMyZGFiZmI0YzY1ODI5NmE3M2I1MzA1ZWVmOGU3MzZmNzFhZWIzNjA5OTA4MCJ9LCJzaWduYXR1cmUiOiIifQ==", "algorithm": "edge_dedupe_unicorn", "explore_context": "Based on photos you liked", "explore_source_token": "BDLiJpDTozqNgfiumM2hirpqq3WXpUctHjfyYl9DCeMgYl2i78mW_xFS6XdtgdMjK9GQKzSc5HbC6qTs2t978Q==", "explore": {"explanation": "Based on photos you liked", "actor_id": 4615395267, "source_token": "BDLiJpDTozqNgfiumM2hirpqq3WXpUctHjfyYl9DCeMgYl2i78mW_xFS6XdtgdMjK9GQKzSc5HbC6qTs2t978Q=="}, "impression_token": "eyJ2ZXJzaW9uIjo1LCJwYXlsb2FkIjp7ImlzX2FuYWx5dGljc190cmFja2VkIjp0cnVlLCJ1dWlkIjoiZDQ4YjVhZTVjZTFkNDU2OGJlMTFiNGM1N2NmYzRiYWUxNTYwMjQ4NzE1NzgzMjgzNDYyIiwic2VydmVyX3Rva2VuIjoiMTUwMDgzMDkwMjkwOXwxNTYwMjQ4NzE1NzgzMjgzNDYyfDIwMTg2Nzc5NDd8ZDliN2FlZjkxYzk3ODUxODA2ZGMyZGFiZmI0YzY1ODI5NmE3M2I1MzA1ZWVmOGU3MzZmNzFhZWIzNjA5OTA4MCJ9LCJzaWduYXR1cmUiOiIifQ=="}}, {"media": {"taken_at": 1500821021, "pk": 1565322635889333040, "id": "1565322635889333040_5386768430", "device_timestamp": 1500820976201, "media_type": 1, "code": "BW5JKTXD9Mw", "client_cache_key": "MTU2NTMyMjYzNTg4OTMzMzA0MA==.2", "filter_type": 0, "image_versions2": {"candidates": [{"width": 1080, "height": 1080, "url": "https://instagram.fhel2-1.fna.fbcdn.net/t51.2885-15/e35/20214256_1752482898098130_6924543503804399616_n.jpg?ig_cache_key=MTU2NTMyMjYzNTg4OTMzMzA0MA%3D%3D.2\u0026se=8"}, {"width": 240, "height": 240, "url": "https://instagram.fhel2-1.fna.fbcdn.net/t51.2885-15/s240x240/e35/20214256_1752482898098130_6924543503804399616_n.jpg?ig_cache_key=MTU2NTMyMjYzNTg4OTMzMzA0MA%3D%3D.2"}]}, "original_width": 1080, "original_height": 1080, "user": {"pk": 5386768430, "username": "oopscyrusagain", "full_name": "Oops! Cyrus Again", "is_private": false, "profile_pic_url": "https://instagram.fhel2-1.fna.fbcdn.net/t51.2885-19/s150x150/18949601_1865600020324346_431925245843079168_a.jpg", "profile_pic_id": "1564724659772774777_5386768430", "friendship_status": {"following": false, "outgoing_request": false, "is_bestie": false}, "is_verified": false, "has_anonymous_profile_picture": false, "is_unpublished": false, "is_favorite": false, "latest_reel_media": 1500830542}, "caption": {"pk": 17878340347108372, "user_id": 5386768430, "text": "Who is the best? Comment!\nFollow(@oopscyrusagain) for more", "type": 1, "created_at": 1500821021, "created_at_utc": 1500821021, "content_type": "comment", "status": "Active", "bit_flags": 0, "user": {"pk": 5386768430, "username": "oopscyrusagain", "full_name": "Oops! Cyrus Again", "is_private": false, "profile_pic_url": "https://instagram.fhel2-1.fna.fbcdn.net/t51.2885-19/s150x150/18949601_1865600020324346_431925245843079168_a.jpg", "profile_pic_id": "1564724659772774777_5386768430", "friendship_status": {"following": false, "outgoing_request": false, "is_bestie": false}, "is_verified": false, "has_anonymous_profile_picture": false, "is_unpublished": false, "is_favorite": false, "latest_reel_media": 1500830542}, "did_report_as_spam": false, "media_id": 1565322635889333040}, "caption_is_edited": false, "like_count": 1109, "has_liked": false, "top_likers": ["_moorebey"], "comment_likes_enabled": false, "comment_threading_enabled": false, "has_more_comments": true, "next_max_id": 17863952428171643, "max_num_visible_preview_comments": 2, "preview_comments": [{"pk": 17891472910051929, "user_id": 3156280194, "text": "Tay and Miley", "type": 0, "created_at": 1500827272, "created_at_utc": 1500827272, "content_type": "comment", "status": "Active", "bit_flags": 0, "user": {"pk": 3156280194, "username": "clearblueswift", "full_name": "Swiftie\ud83d\udc51", "is_private": false, "profile_pic_url": "https://instagram.fhel2-1.fna.fbcdn.net/t51.2885-19/s150x150/20347448_1872960873031071_2947505496828936192_a.jpg", "profile_pic_id": "1565332116467917009_3156280194", "is_verified": false}, "did_report_as_spam": false, "media_id": 1565322635889333040}, {"pk": 17863952428171643, "user_id": 4300815764, "text": "Miley, logique !", "type": 0, "created_at": 1500829467, "created_at_utc": 1500829467, "content_type": "comment", "status": "Active", "bit_flags": 0, "user": {"pk": 4300815764, "username": "lauthier9698", "full_name": "lauthier", "is_private": false, "profile_pic_url": "https://scontent-lga3-1.cdninstagram.com/t51.2885-19/11906329_960233084022564_1448528159_a.jpg", "is_verified": false}, "did_report_as_spam": false, "media_id": 1565322635889333040, "has_translation": true}], "comment_count": 39, "photo_of_you": false, "usertags": {"in": [{"user": {"pk": 7719696, "username": "arianagrande", "full_name": "Ariana Grande", "is_private": false, "profile_pic_url": "https://instagram.fhel2-1.fna.fbcdn.net/t51.2885-19/s150x150/19955508_868839163274024_3488951111639891968_a.jpg", "profile_pic_id": "1555351717704871124_7719696", "is_verified": true}, "position": [0.5492372, 0.14694901], "time_in_video": null}, {"user": {"pk": 11830955, "username": "taylorswift", "full_name": "Taylor Swift", "is_private": false, "profile_pic_url": "https://instagram.fhel2-1.fna.fbcdn.net/t51.2885-19/s150x150/12599210_1266879739993740_674087546_a.jpg", "is_verified": true}, "position": [0.51456314, 0.7020709], "time_in_video": null}, {"user": {"pk": 325734299, "username": "mileycyrus", "full_name": "Miley Cyrus", "is_private": false, "profile_pic_url": "https://instagram.fhel2-1.fna.fbcdn.net/t51.2885-19/s150x150/19984613_811506665691195_4428358680882184192_a.jpg", "profile_pic_id": "1557728893828614014_325734299", "is_verified": true}, "position": [0.5228849, 0.93383425], "time_in_video": null}, {"user": {"pk": 460563723, "username": "selenagomez", "full_name": "Selena Gomez", "is_private": false, "profile_pic_url": "https://instagram.fhel2-1.fna.fbcdn.net/t51.2885-19/s150x150/19955667_1078934505542036_6745075692590858240_a.jpg", "profile_pic_id": "1556115683752806218_460563723", "is_verified": true}, "position": [0.517337, 0.40924406], "time_in_video": null}]}, "can_viewer_save": true, "organic_tracking_token": "eyJ2ZXJzaW9uIjo1LCJwYXlsb2FkIjp7ImlzX2FuYWx5dGljc190cmFja2VkIjp0cnVlLCJ1dWlkIjoiZDQ4YjVhZTVjZTFkNDU2OGJlMTFiNGM1N2NmYzRiYWUxNTY1MzIyNjM1ODg5MzMzMDQwIiwic2VydmVyX3Rva2VuIjoiMTUwMDgzMDkwMjkwOXwxNTY1MzIyNjM1ODg5MzMzMDQwfDIwMTg2Nzc5NDd8YmI0NmM1MzJhM2YzMDUwZWY3ODU3YmRhMjk2MGRiNzYyYjliYmQ0MGYzNWFkMDkyZGIyYjhmZWM4Yjk5ZjUwNSJ9LCJzaWduYXR1cmUiOiIifQ==", "algorithm": "edge_dedupe_unicorn", "explore_context": "Based on people you follow", "explore_source_token": "_6PB-9FuAaadJBrd1pMoS2FddIg_6zcOLkmuttJ-mZCEEcoO9xWs3_Chd4AheBFR", "explore": {"explanation": "Based on people you follow", "actor_id": 5386768430, "source_token": "_6PB-9FuAaadJBrd1pMoS2FddIg_6zcOLkmuttJ-mZCEEcoO9xWs3_Chd4AheBFR"}, "impression_token": "eyJ2ZXJzaW9uIjo1LCJwYXlsb2FkIjp7ImlzX2FuYWx5dGljc190cmFja2VkIjp0cnVlLCJ1dWlkIjoiZDQ4YjVhZTVjZTFkNDU2OGJlMTFiNGM1N2NmYzRiYWUxNTY1MzIyNjM1ODg5MzMzMDQwIiwic2VydmVyX3Rva2VuIjoiMTUwMDgzMDkwMjkwOXwxNTY1MzIyNjM1ODg5MzMzMDQwfDIwMTg2Nzc5NDd8YmI0NmM1MzJhM2YzMDUwZWY3ODU3YmRhMjk2MGRiNzYyYjliYmQ0MGYzNWFkMDkyZGIyYjhmZWM4Yjk5ZjUwNSJ9LCJzaWduYXR1cmUiOiIifQ=="}}, {"media": {"taken_at": 1500807450, "pk": 1565208798711382722, "id": "1565208798711382722_387260125", "device_timestamp": 1500807415, "media_type": 1, "code": "BW4vRwOggLC", "client_cache_key": "MTU2NTIwODc5ODcxMTM4MjcyMg==.2", "filter_type": 0, "image_versions2": {"candidates": [{"width": 1080, "height": 1350, "url": "https://instagram.fhel2-1.fna.fbcdn.net/t51.2885-15/e35/20225894_328108597602131_4230529304657657856_n.jpg?ig_cache_key=MTU2NTIwODc5ODcxMTM4MjcyMg%3D%3D.2\u0026se=8"}, {"width": 240, "height": 300, "url": "https://instagram.fhel2-1.fna.fbcdn.net/t51.2885-15/e35/p240x240/20225894_328108597602131_4230529304657657856_n.jpg?ig_cache_key=MTU2NTIwODc5ODcxMTM4MjcyMg%3D%3D.2"}]}, "original_width": 1080, "original_height": 1350, "user": {"pk": 387260125, "username": "katybadulina", "full_name": "!\u041a\u0430\u0442\u044f \u0411\u0430\u0434\u044e\u043b\u0438\u043d\u0430\ud83d\udc8e\ud83c\udf40", "is_private": false, "profile_pic_url": "https://instagram.fhel2-1.fna.fbcdn.net/t51.2885-19/s150x150/17266076_265713150540451_4213566017789493248_a.jpg", "profile_pic_id": "1476199992300412027_387260125", "friendship_status": {"following": false, "outgoing_request": false, "is_bestie": false}, "is_verified": false, "has_anonymous_profile_picture": false, "is_unpublished": false, "is_favorite": false, "latest_reel_media": 1500806679}, "caption": {"pk": 17890561276052075, "user_id": 387260125, "text": "\u041d\u0435\u0443\u0436\u0435\u043b\u0438 \u043c\u044b \u0432\u044b\u0431\u0440\u0430\u043b\u0438\u0441\u044c \u0438\u0437 \u0434\u043e\u043c\u0430 \ud83d\ude0d#\u0438\u0440\u043a\u0443\u0442\u0441\u043a#\u0440\u043e\u0434\u043d\u043e\u0439#\u0430\u044f\u0441\u043a\u0443\u0447\u0430\u043b\u0430#\u0431\u0435\u0437\u0444\u0438\u043b\u044c\u0442\u0440\u043e\u0432#irkutsk #baikal", "type": 1, "created_at": 1500808113, "created_at_utc": 1500808113, "content_type": "comment", "status": "Active", "bit_flags": 0, "user": {"pk": 387260125, "username": "katybadulina", "full_name": "!\u041a\u0430\u0442\u044f \u0411\u0430\u0434\u044e\u043b\u0438\u043d\u0430\ud83d\udc8e\ud83c\udf40", "is_private": false, "profile_pic_url": "https://instagram.fhel2-1.fna.fbcdn.net/t51.2885-19/s150x150/17266076_265713150540451_4213566017789493248_a.jpg", "profile_pic_id": "1476199992300412027_387260125", "friendship_status": {"following": false, "outgoing_request": false, "is_bestie": false}, "is_verified": false, "has_anonymous_profile_picture": false, "is_unpublished": false, "is_favorite": false, "latest_reel_media": 1500806679}, "did_report_as_spam": false, "media_id": 1565208798711382722}, "caption_is_edited": true, "like_count": 521, "has_liked": false, "top_likers": ["katya2126", "black_jack_lady", "ninelmon"], "comment_likes_enabled": false, "comment_threading_enabled": false, "has_more_comments": true, "max_num_visible_preview_comments": 2, "preview_comments": [], "comment_count": 4, "photo_of_you": false, "can_viewer_save": true, "organic_tracking_token": "eyJ2ZXJzaW9uIjo1LCJwYXlsb2FkIjp7ImlzX2FuYWx5dGljc190cmFja2VkIjp0cnVlLCJ1dWlkIjoiZDQ4YjVhZTVjZTFkNDU2OGJlMTFiNGM1N2NmYzRiYWUxNTY1MjA4Nzk4NzExMzgyNzIyIiwic2VydmVyX3Rva2VuIjoiMTUwMDgzMDkwMjkwOXwxNTY1MjA4Nzk4NzExMzgyNzIyfDIwMTg2Nzc5NDd8N2YyMTFkYzVmZjU2NDhhZDdhMmU0MWY0NmViYWUxYzA3OWE4MmIxYjgzMzdhOWM0N2VlMDE3NDQxMTExNTEyZSJ9LCJzaWduYXR1cmUiOiIifQ==", "algorithm": "edge_dedupe_unicorn", "explore_context": "Based on people you follow", "explore_source_token": "Sob2pqDoPEGvGfiZx4BmEPrkEz60B5S6j3f8xag1AGprkAvV34gYfHhp5pED2wkF", "explore": {"explanation": "Based on people you follow", "actor_id": 387260125, "source_token": "Sob2pqDoPEGvGfiZx4BmEPrkEz60B5S6j3f8xag1AGprkAvV34gYfHhp5pED2wkF"}, "impression_token": "eyJ2ZXJzaW9uIjo1LCJwYXlsb2FkIjp7ImlzX2FuYWx5dGljc190cmFja2VkIjp0cnVlLCJ1dWlkIjoiZDQ4YjVhZTVjZTFkNDU2OGJlMTFiNGM1N2NmYzRiYWUxNTY1MjA4Nzk4NzExMzgyNzIyIiwic2VydmVyX3Rva2VuIjoiMTUwMDgzMDkwMjkwOXwxNTY1MjA4Nzk4NzExMzgyNzIyfDIwMTg2Nzc5NDd8N2YyMTFkYzVmZjU2NDhhZDdhMmU0MWY0NmViYWUxYzA3OWE4MmIxYjgzMzdhOWM0N2VlMDE3NDQxMTExNTEyZSJ9LCJzaWduYXR1cmUiOiIifQ=="}}], "num_results": 20, "rank_token": "7fbe6985-a18c-4173-a985-8480199beba7", "auto_load_more_enabled": true, "more_available": true, "next_max_id": "0", "max_id": "0", "status": "ok"}

[1;34mPOST:  [0mupload/photo/
[1;33m→ 335.21kB[0m
[0;32m← 200 	 92B[0m
[0;36mRESPONSE: [0m{"upload_id": "1500830913914", "media_id": "1565405628910767437_2018677947", "status": "ok"}

[1;34mPOST:  [0mupload/photo/
[1;33m→ 335.21kB[0m
[0;32m← 200 	 92B[0m
[0;36mRESPONSE: [0m{"upload_id": "1500830916060", "media_id": "1565405646543559158_2018677947", "status": "ok"}

[1;34mPOST:  [0mupload/photo/
[1;33m→ 335.21kB[0m
[0;32m← 200 	 92B[0m
[0;36mRESPONSE: [0m{"upload_id": "1500830918052", "media_id": "1565405663396323180_2018677947", "status": "ok"}

[1;34mPOST:  [0mmedia/configure_sidecar/
[1;33mDATA: [0mig_sig_key_version=4&amp;signed_body=c9c76fac93255b93561fabd6c1c8d437dcbe11c563d530b616a6b1e9e3bfd635.{"_csrftoken":"OWOFjJaqSLjBSb2eIr8MNcoSJY7dJaqF","_uid":"2018677947","_uuid":"7691e152-1aed-496e-aa05-1c9f77ebef0e","client_sidecar_id":"1500830919888","caption":"test text","children_metadata":[{"date_time_original":"2017:07:23 17:28:39","scene_type":1,"disable_comments":false,"upload_id":"1500830913914","source_type":0,"scene_capture_type":"standard","date_time_digitized":"2017:07:23 17:28:39","geotag_enabled":false,"camera_position":"back","edits":{"filter_strength":1,"filter_name":"IGNormalFilter"}},{"date_time_original":"2017:07:23 17:28:39","scene_type":1,"disable_comments":false,"upload_id":"1500830916060","source_type":0,"scene_capture_type":"standard","date_time_digitized":"2017:07:23 17:28:39","geotag_enabled":false,"camera_position":"back","edits":{"filter_strength":1,"filter_name":"IGNormalFilter"}},{"date_time_original":"2017:07:23 17:28:39","scene_type":1,"disable_comments":false,"upload_id":"1500830918052","source_type":0,"scene_capture_type":"standard","date_time_digitized":"2017:07:23 17:28:39","geotag_enabled":false,"camera_position":"back","edits":{"filter_strength":1,"filter_name":"IGNormalFilter"}}]}
[0;32m← 200 	 1.37kB[0m
[0;36mRESPONSE: [0m{"client_sidecar_id": "1500830919888", "media": {"taken_at": 1500830920, "pk": 1565405675610052634, "id": "1565405675610052634_2018677947", "device_timestamp": 1500830919888, "media_type": 8, "code": "BW5cCsIHhga", "client_cache_key": "MTU2NTQwNTY3NTYxMDA1MjYzNA==.2", "filter_type": 0, "carousel_media": [{"id": "1565405628910767437_2018677947", "media_type": 1, "image_versions2": {"candidates": [{"width": 600, "height": 600, "url": "https://instagram.fhel2-1.fna.fbcdn.net/t51.2885-15/e35/20225849_340210759732748_6914379687036715008_n.jpg?ig_cache_key=MTU2NTQwNTYyODkxMDc2NzQzNw%3D%3D.2"}, {"width": 240, "height": 240, "url": "https://instagram.fhel2-1.fna.fbcdn.net/t51.2885-15/s240x240/e35/20225849_340210759732748_6914379687036715008_n.jpg?ig_cache_key=MTU2NTQwNTYyODkxMDc2NzQzNw%3D%3D.2"}]}, "original_width": 600, "original_height": 600, "pk": 1565405628910767437, "carousel_parent_id": "1565405675610052634_2018677947"}, {"id": "1565405646543559158_2018677947", "media_type": 1, "image_versions2": {"candidates": [{"width": 600, "height": 600, "url": "https://instagram.fhel2-1.fna.fbcdn.net/t51.2885-15/e35/20184414_1977568512382077_8473407177162227712_n.jpg?ig_cache_key=MTU2NTQwNTY0NjU0MzU1OTE1OA%3D%3D.2"}, {"width": 240, "height": 240, "url": "https://instagram.fhel2-1.fna.fbcdn.net/t51.2885-15/s240x240/e35/20184414_1977568512382077_8473407177162227712_n.jpg?ig_cache_key=MTU2NTQwNTY0NjU0MzU1OTE1OA%3D%3D.2"}]}, "original_width": 600, "original_height": 600, "pk": 1565405646543559158, "carousel_parent_id": "1565405675610052634_2018677947"}, {"id": "1565405663396323180_2018677947", "media_type": 1, "image_versions2": {"candidates": [{"width": 600, "height": 600, "url": "https://instagram.fhel2-1.fna.fbcdn.net/t51.2885-15/e35/20226045_1245714875556224_2712957208240324608_n.jpg?ig_cache_key=MTU2NTQwNTY2MzM5NjMyMzE4MA%3D%3D.2"}, {"width": 240, "height": 240, "url": "https://instagram.fhel2-1.fna.fbcdn.net/t51.2885-15/s240x240/e35/20226045_1245714875556224_2712957208240324608_n.jpg?ig_cache_key=MTU2NTQwNTY2MzM5NjMyMzE4MA%3D%3D.2"}]}, "original_width": 600, "original_height": 600, "pk": 1565405663396323180, "carousel_parent_id": "1565405675610052634_2018677947"}], "user": {"pk": 2018677947, "username": "arenda_kvartir_bez_posrednikov", "full_name": "\u0410\u0440\u0435\u043d\u0434\u0430 \u0411\u0435\u0437 \u041f\u043e\u0441\u0440\u0435\u0434\u043d\u0438\u043a\u043e\u0432 \ud83d\udc4d", "is_private": false, "profile_pic_url": "https://instagram.fhel2-1.fna.fbcdn.net/t51.2885-19/s150x150/13712379_831467443656698_786448455_a.jpg", "profile_pic_id": "1299828878990588026_2018677947", "has_anonymous_profile_picture": false, "can_boost_post": true, "can_see_organic_insights": true, "show_insights_terms": false, "is_unpublished": false}, "caption": {"pk": 17890607107038238, "user_id": 2018677947, "text": "test text", "type": 1, "created_at": 1500830920, "created_at_utc": 1500830920, "content_type": "comment", "status": "Active", "bit_flags": 0, "user": {"pk": 2018677947, "username": "arenda_kvartir_bez_posrednikov", "full_name": "\u0410\u0440\u0435\u043d\u0434\u0430 \u0411\u0435\u0437 \u041f\u043e\u0441\u0440\u0435\u0434\u043d\u0438\u043a\u043e\u0432 \ud83d\udc4d", "is_private": false, "profile_pic_url": "https://instagram.fhel2-1.fna.fbcdn.net/t51.2885-19/s150x150/13712379_831467443656698_786448455_a.jpg", "profile_pic_id": "1299828878990588026_2018677947", "has_anonymous_profile_picture": false, "can_boost_post": true, "can_see_organic_insights": true, "show_insights_terms": false, "is_unpublished": false}, "did_report_as_spam": false, "media_id": 1565405675610052634}, "caption_is_edited": false, "comment_likes_enabled": false, "comment_threading_enabled": false, "has_more_comments": false, "max_num_visible_preview_comments": 4, "preview_comments": [], "comment_count": 0, "boosted_status": "unavailable", "boost_unavailable_reason": "This post can't be used to create a promotion.", "photo_of_you": false, "can_viewer_save": true, "organic_tracking_token": "eyJ2ZXJzaW9uIjo1LCJwYXlsb2FkIjp7ImlzX2FuYWx5dGljc190cmFja2VkIjp0cnVlLCJ1dWlkIjoiMjMxMDE2NjRhMjE2NDY3Zjk1MzFmMjdmZjZiNzVhNWYxNTY1NDA1Njc1NjEwMDUyNjM0Iiwic2VydmVyX3Rva2VuIjoiMTUwMDgzMDkyMTQ2M3wxNTY1NDA1Njc1NjEwMDUyNjM0fDIwMTg2Nzc5NDd8OGJjZDQ5N2Y2Y2FhYTYyNjliOGM3MGQ3NTEyOTJlZDEwMjdiOTI4MmJkNWIxMDE1MzE0YzkyODAxNTgyNDhmYSJ9LCJzaWduYXR1cmUiOiIifQ=="}, "status": "ok"}

</system-out>
        </testcase>
      </testsuite>
    </testsuite>
  </testsuite>
</testsuites>
